[2023-09-23T00:00:23.129+0000] {processor.py:157} INFO - Started process (PID=2981) to work on /home/airflow/.local/lib/python3.7/site-packages/airflow/example_dags/example_task_group.py
[2023-09-23T00:00:23.129+0000] {processor.py:826} INFO - Processing file /home/airflow/.local/lib/python3.7/site-packages/airflow/example_dags/example_task_group.py for tasks to queue
[2023-09-23T00:00:23.130+0000] {logging_mixin.py:149} INFO - [2023-09-23T00:00:23.130+0000] {dagbag.py:541} INFO - Filling up the DagBag from /home/airflow/.local/lib/python3.7/site-packages/airflow/example_dags/example_task_group.py
[2023-09-23T00:00:23.136+0000] {processor.py:836} INFO - DAG(s) dict_keys(['example_task_group']) retrieved from /home/airflow/.local/lib/python3.7/site-packages/airflow/example_dags/example_task_group.py
[2023-09-23T00:00:23.153+0000] {logging_mixin.py:149} INFO - [2023-09-23T00:00:23.153+0000] {dag.py:2726} INFO - Sync 1 DAGs
[2023-09-23T00:00:23.171+0000] {logging_mixin.py:149} INFO - [2023-09-23T00:00:23.171+0000] {dag.py:3490} INFO - Setting next_dagrun for example_task_group to 2023-09-22T00:00:23.171258+00:00, run_after=2023-09-23T00:00:23.171258+00:00
[2023-09-23T00:00:23.186+0000] {processor.py:179} INFO - Processing /home/airflow/.local/lib/python3.7/site-packages/airflow/example_dags/example_task_group.py took 0.060 seconds
[2023-09-23T00:00:54.142+0000] {processor.py:157} INFO - Started process (PID=3045) to work on /home/airflow/.local/lib/python3.7/site-packages/airflow/example_dags/example_task_group.py
[2023-09-23T00:00:54.143+0000] {processor.py:826} INFO - Processing file /home/airflow/.local/lib/python3.7/site-packages/airflow/example_dags/example_task_group.py for tasks to queue
[2023-09-23T00:00:54.144+0000] {logging_mixin.py:149} INFO - [2023-09-23T00:00:54.143+0000] {dagbag.py:541} INFO - Filling up the DagBag from /home/airflow/.local/lib/python3.7/site-packages/airflow/example_dags/example_task_group.py
[2023-09-23T00:00:54.151+0000] {processor.py:836} INFO - DAG(s) dict_keys(['example_task_group']) retrieved from /home/airflow/.local/lib/python3.7/site-packages/airflow/example_dags/example_task_group.py
[2023-09-23T00:00:54.169+0000] {logging_mixin.py:149} INFO - [2023-09-23T00:00:54.169+0000] {dag.py:2726} INFO - Sync 1 DAGs
[2023-09-23T00:00:54.187+0000] {logging_mixin.py:149} INFO - [2023-09-23T00:00:54.187+0000] {dag.py:3490} INFO - Setting next_dagrun for example_task_group to 2023-09-22T00:00:54.187236+00:00, run_after=2023-09-23T00:00:54.187236+00:00
[2023-09-23T00:00:54.202+0000] {processor.py:179} INFO - Processing /home/airflow/.local/lib/python3.7/site-packages/airflow/example_dags/example_task_group.py took 0.062 seconds
[2023-09-23T00:01:24.252+0000] {processor.py:157} INFO - Started process (PID=3109) to work on /home/airflow/.local/lib/python3.7/site-packages/airflow/example_dags/example_task_group.py
[2023-09-23T00:01:24.253+0000] {processor.py:826} INFO - Processing file /home/airflow/.local/lib/python3.7/site-packages/airflow/example_dags/example_task_group.py for tasks to queue
[2023-09-23T00:01:24.253+0000] {logging_mixin.py:149} INFO - [2023-09-23T00:01:24.253+0000] {dagbag.py:541} INFO - Filling up the DagBag from /home/airflow/.local/lib/python3.7/site-packages/airflow/example_dags/example_task_group.py
[2023-09-23T00:01:24.258+0000] {processor.py:836} INFO - DAG(s) dict_keys(['example_task_group']) retrieved from /home/airflow/.local/lib/python3.7/site-packages/airflow/example_dags/example_task_group.py
[2023-09-23T00:01:24.278+0000] {logging_mixin.py:149} INFO - [2023-09-23T00:01:24.278+0000] {dag.py:2726} INFO - Sync 1 DAGs
[2023-09-23T00:01:24.296+0000] {logging_mixin.py:149} INFO - [2023-09-23T00:01:24.296+0000] {dag.py:3490} INFO - Setting next_dagrun for example_task_group to 2023-09-22T00:01:24.296427+00:00, run_after=2023-09-23T00:01:24.296427+00:00
[2023-09-23T00:01:24.311+0000] {processor.py:179} INFO - Processing /home/airflow/.local/lib/python3.7/site-packages/airflow/example_dags/example_task_group.py took 0.062 seconds
