[2023-09-23T00:00:29.225+0000] {processor.py:157} INFO - Started process (PID=2983) to work on /home/airflow/.local/lib/python3.7/site-packages/airflow/example_dags/example_dag_decorator.py
[2023-09-23T00:00:29.226+0000] {processor.py:826} INFO - Processing file /home/airflow/.local/lib/python3.7/site-packages/airflow/example_dags/example_dag_decorator.py for tasks to queue
[2023-09-23T00:00:29.226+0000] {logging_mixin.py:149} INFO - [2023-09-23T00:00:29.226+0000] {dagbag.py:541} INFO - Filling up the DagBag from /home/airflow/.local/lib/python3.7/site-packages/airflow/example_dags/example_dag_decorator.py
[2023-09-23T00:00:29.231+0000] {logging_mixin.py:149} INFO - [2023-09-23T00:00:29.231+0000] {taskmixin.py:211} WARNING - Dependency <Task(_PythonDecoratedOperator): prepare_email>, send_email already registered for DAG: example_dag_decorator
[2023-09-23T00:00:29.232+0000] {logging_mixin.py:149} INFO - [2023-09-23T00:00:29.232+0000] {taskmixin.py:211} WARNING - Dependency <Task(EmailOperator): send_email>, prepare_email already registered for DAG: example_dag_decorator
[2023-09-23T00:00:29.237+0000] {processor.py:836} INFO - DAG(s) dict_keys(['example_dag_decorator']) retrieved from /home/airflow/.local/lib/python3.7/site-packages/airflow/example_dags/example_dag_decorator.py
[2023-09-23T00:00:29.290+0000] {logging_mixin.py:149} INFO - [2023-09-23T00:00:29.290+0000] {dag.py:2726} INFO - Sync 1 DAGs
[2023-09-23T00:00:29.308+0000] {logging_mixin.py:149} INFO - [2023-09-23T00:00:29.308+0000] {dag.py:3490} INFO - Setting next_dagrun for example_dag_decorator to None, run_after=None
[2023-09-23T00:00:29.323+0000] {processor.py:179} INFO - Processing /home/airflow/.local/lib/python3.7/site-packages/airflow/example_dags/example_dag_decorator.py took 0.101 seconds
[2023-09-23T00:01:00.239+0000] {processor.py:157} INFO - Started process (PID=3047) to work on /home/airflow/.local/lib/python3.7/site-packages/airflow/example_dags/example_dag_decorator.py
[2023-09-23T00:01:00.240+0000] {processor.py:826} INFO - Processing file /home/airflow/.local/lib/python3.7/site-packages/airflow/example_dags/example_dag_decorator.py for tasks to queue
[2023-09-23T00:01:00.240+0000] {logging_mixin.py:149} INFO - [2023-09-23T00:01:00.240+0000] {dagbag.py:541} INFO - Filling up the DagBag from /home/airflow/.local/lib/python3.7/site-packages/airflow/example_dags/example_dag_decorator.py
[2023-09-23T00:01:00.245+0000] {logging_mixin.py:149} INFO - [2023-09-23T00:01:00.245+0000] {taskmixin.py:211} WARNING - Dependency <Task(_PythonDecoratedOperator): prepare_email>, send_email already registered for DAG: example_dag_decorator
[2023-09-23T00:01:00.245+0000] {logging_mixin.py:149} INFO - [2023-09-23T00:01:00.245+0000] {taskmixin.py:211} WARNING - Dependency <Task(EmailOperator): send_email>, prepare_email already registered for DAG: example_dag_decorator
[2023-09-23T00:01:00.252+0000] {processor.py:836} INFO - DAG(s) dict_keys(['example_dag_decorator']) retrieved from /home/airflow/.local/lib/python3.7/site-packages/airflow/example_dags/example_dag_decorator.py
[2023-09-23T00:01:00.310+0000] {logging_mixin.py:149} INFO - [2023-09-23T00:01:00.309+0000] {dag.py:2726} INFO - Sync 1 DAGs
[2023-09-23T00:01:00.327+0000] {logging_mixin.py:149} INFO - [2023-09-23T00:01:00.327+0000] {dag.py:3490} INFO - Setting next_dagrun for example_dag_decorator to None, run_after=None
[2023-09-23T00:01:00.342+0000] {processor.py:179} INFO - Processing /home/airflow/.local/lib/python3.7/site-packages/airflow/example_dags/example_dag_decorator.py took 0.106 seconds
[2023-09-23T00:01:30.356+0000] {processor.py:157} INFO - Started process (PID=3111) to work on /home/airflow/.local/lib/python3.7/site-packages/airflow/example_dags/example_dag_decorator.py
[2023-09-23T00:01:30.357+0000] {processor.py:826} INFO - Processing file /home/airflow/.local/lib/python3.7/site-packages/airflow/example_dags/example_dag_decorator.py for tasks to queue
[2023-09-23T00:01:30.357+0000] {logging_mixin.py:149} INFO - [2023-09-23T00:01:30.357+0000] {dagbag.py:541} INFO - Filling up the DagBag from /home/airflow/.local/lib/python3.7/site-packages/airflow/example_dags/example_dag_decorator.py
[2023-09-23T00:01:30.362+0000] {logging_mixin.py:149} INFO - [2023-09-23T00:01:30.362+0000] {taskmixin.py:211} WARNING - Dependency <Task(_PythonDecoratedOperator): prepare_email>, send_email already registered for DAG: example_dag_decorator
[2023-09-23T00:01:30.362+0000] {logging_mixin.py:149} INFO - [2023-09-23T00:01:30.362+0000] {taskmixin.py:211} WARNING - Dependency <Task(EmailOperator): send_email>, prepare_email already registered for DAG: example_dag_decorator
[2023-09-23T00:01:30.368+0000] {processor.py:836} INFO - DAG(s) dict_keys(['example_dag_decorator']) retrieved from /home/airflow/.local/lib/python3.7/site-packages/airflow/example_dags/example_dag_decorator.py
[2023-09-23T00:01:30.419+0000] {logging_mixin.py:149} INFO - [2023-09-23T00:01:30.419+0000] {dag.py:2726} INFO - Sync 1 DAGs
[2023-09-23T00:01:30.436+0000] {logging_mixin.py:149} INFO - [2023-09-23T00:01:30.436+0000] {dag.py:3490} INFO - Setting next_dagrun for example_dag_decorator to None, run_after=None
[2023-09-23T00:01:30.451+0000] {processor.py:179} INFO - Processing /home/airflow/.local/lib/python3.7/site-packages/airflow/example_dags/example_dag_decorator.py took 0.097 seconds
