[2023-09-23T00:00:04.755+0000] {processor.py:157} INFO - Started process (PID=2937) to work on /home/airflow/.local/lib/python3.7/site-packages/airflow/example_dags/example_branch_datetime_operator.py
[2023-09-23T00:00:04.755+0000] {processor.py:826} INFO - Processing file /home/airflow/.local/lib/python3.7/site-packages/airflow/example_dags/example_branch_datetime_operator.py for tasks to queue
[2023-09-23T00:00:04.756+0000] {logging_mixin.py:149} INFO - [2023-09-23T00:00:04.756+0000] {dagbag.py:541} INFO - Filling up the DagBag from /home/airflow/.local/lib/python3.7/site-packages/airflow/example_dags/example_branch_datetime_operator.py
[2023-09-23T00:00:04.764+0000] {processor.py:836} INFO - DAG(s) dict_keys(['example_branch_datetime_operator', 'example_branch_datetime_operator_2', 'example_branch_datetime_operator_3']) retrieved from /home/airflow/.local/lib/python3.7/site-packages/airflow/example_dags/example_branch_datetime_operator.py
[2023-09-23T00:00:04.788+0000] {logging_mixin.py:149} INFO - [2023-09-23T00:00:04.788+0000] {dag.py:2726} INFO - Sync 3 DAGs
[2023-09-23T00:00:04.807+0000] {logging_mixin.py:149} INFO - [2023-09-23T00:00:04.807+0000] {dag.py:3490} INFO - Setting next_dagrun for example_branch_datetime_operator to 2023-09-22T00:00:00+00:00, run_after=2023-09-23T00:00:00+00:00
[2023-09-23T00:00:04.811+0000] {logging_mixin.py:149} INFO - [2023-09-23T00:00:04.811+0000] {dag.py:3490} INFO - Setting next_dagrun for example_branch_datetime_operator_2 to 2023-09-22T00:00:00+00:00, run_after=2023-09-23T00:00:00+00:00
[2023-09-23T00:00:04.813+0000] {logging_mixin.py:149} INFO - [2023-09-23T00:00:04.813+0000] {dag.py:3490} INFO - Setting next_dagrun for example_branch_datetime_operator_3 to 2023-09-22T00:00:00+00:00, run_after=2023-09-23T00:00:00+00:00
[2023-09-23T00:00:04.829+0000] {processor.py:179} INFO - Processing /home/airflow/.local/lib/python3.7/site-packages/airflow/example_dags/example_branch_datetime_operator.py took 0.078 seconds
[2023-09-23T00:00:34.936+0000] {processor.py:157} INFO - Started process (PID=3001) to work on /home/airflow/.local/lib/python3.7/site-packages/airflow/example_dags/example_branch_datetime_operator.py
[2023-09-23T00:00:34.936+0000] {processor.py:826} INFO - Processing file /home/airflow/.local/lib/python3.7/site-packages/airflow/example_dags/example_branch_datetime_operator.py for tasks to queue
[2023-09-23T00:00:34.937+0000] {logging_mixin.py:149} INFO - [2023-09-23T00:00:34.937+0000] {dagbag.py:541} INFO - Filling up the DagBag from /home/airflow/.local/lib/python3.7/site-packages/airflow/example_dags/example_branch_datetime_operator.py
[2023-09-23T00:00:34.944+0000] {processor.py:836} INFO - DAG(s) dict_keys(['example_branch_datetime_operator_3', 'example_branch_datetime_operator_2', 'example_branch_datetime_operator']) retrieved from /home/airflow/.local/lib/python3.7/site-packages/airflow/example_dags/example_branch_datetime_operator.py
[2023-09-23T00:00:34.969+0000] {logging_mixin.py:149} INFO - [2023-09-23T00:00:34.969+0000] {dag.py:2726} INFO - Sync 3 DAGs
[2023-09-23T00:00:34.993+0000] {logging_mixin.py:149} INFO - [2023-09-23T00:00:34.993+0000] {dag.py:3490} INFO - Setting next_dagrun for example_branch_datetime_operator to 2023-09-22T00:00:00+00:00, run_after=2023-09-23T00:00:00+00:00
[2023-09-23T00:00:34.997+0000] {logging_mixin.py:149} INFO - [2023-09-23T00:00:34.997+0000] {dag.py:3490} INFO - Setting next_dagrun for example_branch_datetime_operator_2 to 2023-09-22T00:00:00+00:00, run_after=2023-09-23T00:00:00+00:00
[2023-09-23T00:00:35.001+0000] {logging_mixin.py:149} INFO - [2023-09-23T00:00:35.000+0000] {dag.py:3490} INFO - Setting next_dagrun for example_branch_datetime_operator_3 to 2023-09-22T00:00:00+00:00, run_after=2023-09-23T00:00:00+00:00
[2023-09-23T00:00:35.015+0000] {processor.py:179} INFO - Processing /home/airflow/.local/lib/python3.7/site-packages/airflow/example_dags/example_branch_datetime_operator.py took 0.081 seconds
[2023-09-23T00:01:05.153+0000] {processor.py:157} INFO - Started process (PID=3065) to work on /home/airflow/.local/lib/python3.7/site-packages/airflow/example_dags/example_branch_datetime_operator.py
[2023-09-23T00:01:05.154+0000] {processor.py:826} INFO - Processing file /home/airflow/.local/lib/python3.7/site-packages/airflow/example_dags/example_branch_datetime_operator.py for tasks to queue
[2023-09-23T00:01:05.155+0000] {logging_mixin.py:149} INFO - [2023-09-23T00:01:05.155+0000] {dagbag.py:541} INFO - Filling up the DagBag from /home/airflow/.local/lib/python3.7/site-packages/airflow/example_dags/example_branch_datetime_operator.py
[2023-09-23T00:01:05.162+0000] {processor.py:836} INFO - DAG(s) dict_keys(['example_branch_datetime_operator_3', 'example_branch_datetime_operator_2', 'example_branch_datetime_operator']) retrieved from /home/airflow/.local/lib/python3.7/site-packages/airflow/example_dags/example_branch_datetime_operator.py
[2023-09-23T00:01:05.187+0000] {logging_mixin.py:149} INFO - [2023-09-23T00:01:05.187+0000] {dag.py:2726} INFO - Sync 3 DAGs
[2023-09-23T00:01:05.208+0000] {logging_mixin.py:149} INFO - [2023-09-23T00:01:05.208+0000] {dag.py:3490} INFO - Setting next_dagrun for example_branch_datetime_operator to 2023-09-22T00:00:00+00:00, run_after=2023-09-23T00:00:00+00:00
[2023-09-23T00:01:05.212+0000] {logging_mixin.py:149} INFO - [2023-09-23T00:01:05.211+0000] {dag.py:3490} INFO - Setting next_dagrun for example_branch_datetime_operator_2 to 2023-09-22T00:00:00+00:00, run_after=2023-09-23T00:00:00+00:00
[2023-09-23T00:01:05.213+0000] {logging_mixin.py:149} INFO - [2023-09-23T00:01:05.213+0000] {dag.py:3490} INFO - Setting next_dagrun for example_branch_datetime_operator_3 to 2023-09-22T00:00:00+00:00, run_after=2023-09-23T00:00:00+00:00
[2023-09-23T00:01:05.226+0000] {processor.py:179} INFO - Processing /home/airflow/.local/lib/python3.7/site-packages/airflow/example_dags/example_branch_datetime_operator.py took 0.075 seconds
[2023-09-23T00:01:36.177+0000] {processor.py:157} INFO - Started process (PID=3129) to work on /home/airflow/.local/lib/python3.7/site-packages/airflow/example_dags/example_branch_datetime_operator.py
[2023-09-23T00:01:36.178+0000] {processor.py:826} INFO - Processing file /home/airflow/.local/lib/python3.7/site-packages/airflow/example_dags/example_branch_datetime_operator.py for tasks to queue
[2023-09-23T00:01:36.179+0000] {logging_mixin.py:149} INFO - [2023-09-23T00:01:36.178+0000] {dagbag.py:541} INFO - Filling up the DagBag from /home/airflow/.local/lib/python3.7/site-packages/airflow/example_dags/example_branch_datetime_operator.py
[2023-09-23T00:01:36.186+0000] {processor.py:836} INFO - DAG(s) dict_keys(['example_branch_datetime_operator_3', 'example_branch_datetime_operator', 'example_branch_datetime_operator_2']) retrieved from /home/airflow/.local/lib/python3.7/site-packages/airflow/example_dags/example_branch_datetime_operator.py
[2023-09-23T00:01:36.212+0000] {logging_mixin.py:149} INFO - [2023-09-23T00:01:36.212+0000] {dag.py:2726} INFO - Sync 3 DAGs
[2023-09-23T00:01:36.232+0000] {logging_mixin.py:149} INFO - [2023-09-23T00:01:36.232+0000] {dag.py:3490} INFO - Setting next_dagrun for example_branch_datetime_operator to 2023-09-22T00:00:00+00:00, run_after=2023-09-23T00:00:00+00:00
[2023-09-23T00:01:36.236+0000] {logging_mixin.py:149} INFO - [2023-09-23T00:01:36.236+0000] {dag.py:3490} INFO - Setting next_dagrun for example_branch_datetime_operator_2 to 2023-09-22T00:00:00+00:00, run_after=2023-09-23T00:00:00+00:00
[2023-09-23T00:01:36.238+0000] {logging_mixin.py:149} INFO - [2023-09-23T00:01:36.238+0000] {dag.py:3490} INFO - Setting next_dagrun for example_branch_datetime_operator_3 to 2023-09-22T00:00:00+00:00, run_after=2023-09-23T00:00:00+00:00
[2023-09-23T00:01:36.250+0000] {processor.py:179} INFO - Processing /home/airflow/.local/lib/python3.7/site-packages/airflow/example_dags/example_branch_datetime_operator.py took 0.075 seconds
