[2023-09-23T00:00:19.366+0000] {processor.py:157} INFO - Started process (PID=2961) to work on /home/airflow/.local/lib/python3.7/site-packages/airflow/example_dags/example_sensors.py
[2023-09-23T00:00:19.367+0000] {processor.py:826} INFO - Processing file /home/airflow/.local/lib/python3.7/site-packages/airflow/example_dags/example_sensors.py for tasks to queue
[2023-09-23T00:00:19.368+0000] {logging_mixin.py:149} INFO - [2023-09-23T00:00:19.367+0000] {dagbag.py:541} INFO - Filling up the DagBag from /home/airflow/.local/lib/python3.7/site-packages/airflow/example_dags/example_sensors.py
[2023-09-23T00:00:19.380+0000] {processor.py:836} INFO - DAG(s) dict_keys(['example_sensors']) retrieved from /home/airflow/.local/lib/python3.7/site-packages/airflow/example_dags/example_sensors.py
[2023-09-23T00:00:19.402+0000] {logging_mixin.py:149} INFO - [2023-09-23T00:00:19.402+0000] {dag.py:2726} INFO - Sync 1 DAGs
[2023-09-23T00:00:19.420+0000] {logging_mixin.py:149} INFO - [2023-09-23T00:00:19.420+0000] {dag.py:3490} INFO - Setting next_dagrun for example_sensors to None, run_after=None
[2023-09-23T00:00:19.434+0000] {processor.py:179} INFO - Processing /home/airflow/.local/lib/python3.7/site-packages/airflow/example_dags/example_sensors.py took 0.070 seconds
[2023-09-23T00:00:49.883+0000] {processor.py:157} INFO - Started process (PID=3025) to work on /home/airflow/.local/lib/python3.7/site-packages/airflow/example_dags/example_sensors.py
[2023-09-23T00:00:49.884+0000] {processor.py:826} INFO - Processing file /home/airflow/.local/lib/python3.7/site-packages/airflow/example_dags/example_sensors.py for tasks to queue
[2023-09-23T00:00:49.884+0000] {logging_mixin.py:149} INFO - [2023-09-23T00:00:49.884+0000] {dagbag.py:541} INFO - Filling up the DagBag from /home/airflow/.local/lib/python3.7/site-packages/airflow/example_dags/example_sensors.py
[2023-09-23T00:00:49.892+0000] {processor.py:836} INFO - DAG(s) dict_keys(['example_sensors']) retrieved from /home/airflow/.local/lib/python3.7/site-packages/airflow/example_dags/example_sensors.py
[2023-09-23T00:00:49.915+0000] {logging_mixin.py:149} INFO - [2023-09-23T00:00:49.915+0000] {dag.py:2726} INFO - Sync 1 DAGs
[2023-09-23T00:00:49.935+0000] {logging_mixin.py:149} INFO - [2023-09-23T00:00:49.935+0000] {dag.py:3490} INFO - Setting next_dagrun for example_sensors to None, run_after=None
[2023-09-23T00:00:49.949+0000] {processor.py:179} INFO - Processing /home/airflow/.local/lib/python3.7/site-packages/airflow/example_dags/example_sensors.py took 0.069 seconds
[2023-09-23T00:01:19.976+0000] {processor.py:157} INFO - Started process (PID=3089) to work on /home/airflow/.local/lib/python3.7/site-packages/airflow/example_dags/example_sensors.py
[2023-09-23T00:01:19.977+0000] {processor.py:826} INFO - Processing file /home/airflow/.local/lib/python3.7/site-packages/airflow/example_dags/example_sensors.py for tasks to queue
[2023-09-23T00:01:19.978+0000] {logging_mixin.py:149} INFO - [2023-09-23T00:01:19.978+0000] {dagbag.py:541} INFO - Filling up the DagBag from /home/airflow/.local/lib/python3.7/site-packages/airflow/example_dags/example_sensors.py
[2023-09-23T00:01:19.986+0000] {processor.py:836} INFO - DAG(s) dict_keys(['example_sensors']) retrieved from /home/airflow/.local/lib/python3.7/site-packages/airflow/example_dags/example_sensors.py
[2023-09-23T00:01:20.010+0000] {logging_mixin.py:149} INFO - [2023-09-23T00:01:20.010+0000] {dag.py:2726} INFO - Sync 1 DAGs
[2023-09-23T00:01:20.028+0000] {logging_mixin.py:149} INFO - [2023-09-23T00:01:20.028+0000] {dag.py:3490} INFO - Setting next_dagrun for example_sensors to None, run_after=None
[2023-09-23T00:01:20.043+0000] {processor.py:179} INFO - Processing /home/airflow/.local/lib/python3.7/site-packages/airflow/example_dags/example_sensors.py took 0.069 seconds
[2023-09-23T00:01:50.875+0000] {processor.py:157} INFO - Started process (PID=3154) to work on /home/airflow/.local/lib/python3.7/site-packages/airflow/example_dags/example_sensors.py
[2023-09-23T00:01:50.876+0000] {processor.py:826} INFO - Processing file /home/airflow/.local/lib/python3.7/site-packages/airflow/example_dags/example_sensors.py for tasks to queue
[2023-09-23T00:01:50.876+0000] {logging_mixin.py:149} INFO - [2023-09-23T00:01:50.876+0000] {dagbag.py:541} INFO - Filling up the DagBag from /home/airflow/.local/lib/python3.7/site-packages/airflow/example_dags/example_sensors.py
[2023-09-23T00:01:50.884+0000] {processor.py:836} INFO - DAG(s) dict_keys(['example_sensors']) retrieved from /home/airflow/.local/lib/python3.7/site-packages/airflow/example_dags/example_sensors.py
[2023-09-23T00:01:50.907+0000] {logging_mixin.py:149} INFO - [2023-09-23T00:01:50.907+0000] {dag.py:2726} INFO - Sync 1 DAGs
[2023-09-23T00:01:50.925+0000] {logging_mixin.py:149} INFO - [2023-09-23T00:01:50.925+0000] {dag.py:3490} INFO - Setting next_dagrun for example_sensors to None, run_after=None
[2023-09-23T00:01:50.940+0000] {processor.py:179} INFO - Processing /home/airflow/.local/lib/python3.7/site-packages/airflow/example_dags/example_sensors.py took 0.068 seconds
