[2023-09-23T00:00:29.231+0000] {processor.py:157} INFO - Started process (PID=2984) to work on /home/airflow/.local/lib/python3.7/site-packages/airflow/example_dags/example_datasets.py
[2023-09-23T00:00:29.231+0000] {processor.py:826} INFO - Processing file /home/airflow/.local/lib/python3.7/site-packages/airflow/example_dags/example_datasets.py for tasks to queue
[2023-09-23T00:00:29.232+0000] {logging_mixin.py:149} INFO - [2023-09-23T00:00:29.231+0000] {dagbag.py:541} INFO - Filling up the DagBag from /home/airflow/.local/lib/python3.7/site-packages/airflow/example_dags/example_datasets.py
[2023-09-23T00:00:29.238+0000] {processor.py:836} INFO - DAG(s) dict_keys(['dataset_consumes_1_never_scheduled', 'dataset_consumes_1', 'dataset_consumes_1_and_2', 'dataset_consumes_unknown_never_scheduled', 'dataset_produces_1', 'dataset_produces_2']) retrieved from /home/airflow/.local/lib/python3.7/site-packages/airflow/example_dags/example_datasets.py
[2023-09-23T00:00:29.270+0000] {logging_mixin.py:149} INFO - [2023-09-23T00:00:29.270+0000] {dag.py:2726} INFO - Sync 6 DAGs
[2023-09-23T00:00:29.290+0000] {logging_mixin.py:149} INFO - [2023-09-23T00:00:29.290+0000] {dag.py:3490} INFO - Setting next_dagrun for dataset_consumes_1 to None, run_after=None
[2023-09-23T00:00:29.293+0000] {logging_mixin.py:149} INFO - [2023-09-23T00:00:29.293+0000] {dag.py:3490} INFO - Setting next_dagrun for dataset_consumes_1_and_2 to None, run_after=None
[2023-09-23T00:00:29.294+0000] {logging_mixin.py:149} INFO - [2023-09-23T00:00:29.294+0000] {dag.py:3490} INFO - Setting next_dagrun for dataset_consumes_1_never_scheduled to None, run_after=None
[2023-09-23T00:00:29.295+0000] {logging_mixin.py:149} INFO - [2023-09-23T00:00:29.295+0000] {dag.py:3490} INFO - Setting next_dagrun for dataset_consumes_unknown_never_scheduled to None, run_after=None
[2023-09-23T00:00:29.297+0000] {logging_mixin.py:149} INFO - [2023-09-23T00:00:29.297+0000] {dag.py:3490} INFO - Setting next_dagrun for dataset_produces_1 to 2023-09-22T00:00:00+00:00, run_after=2023-09-23T00:00:00+00:00
[2023-09-23T00:00:29.298+0000] {logging_mixin.py:149} INFO - [2023-09-23T00:00:29.298+0000] {dag.py:3490} INFO - Setting next_dagrun for dataset_produces_2 to None, run_after=None
[2023-09-23T00:00:29.324+0000] {processor.py:179} INFO - Processing /home/airflow/.local/lib/python3.7/site-packages/airflow/example_dags/example_datasets.py took 0.097 seconds
[2023-09-23T00:01:00.245+0000] {processor.py:157} INFO - Started process (PID=3048) to work on /home/airflow/.local/lib/python3.7/site-packages/airflow/example_dags/example_datasets.py
[2023-09-23T00:01:00.246+0000] {processor.py:826} INFO - Processing file /home/airflow/.local/lib/python3.7/site-packages/airflow/example_dags/example_datasets.py for tasks to queue
[2023-09-23T00:01:00.246+0000] {logging_mixin.py:149} INFO - [2023-09-23T00:01:00.246+0000] {dagbag.py:541} INFO - Filling up the DagBag from /home/airflow/.local/lib/python3.7/site-packages/airflow/example_dags/example_datasets.py
[2023-09-23T00:01:00.254+0000] {processor.py:836} INFO - DAG(s) dict_keys(['dataset_consumes_1', 'dataset_produces_1', 'dataset_consumes_1_and_2', 'dataset_produces_2', 'dataset_consumes_1_never_scheduled', 'dataset_consumes_unknown_never_scheduled']) retrieved from /home/airflow/.local/lib/python3.7/site-packages/airflow/example_dags/example_datasets.py
[2023-09-23T00:01:00.292+0000] {logging_mixin.py:149} INFO - [2023-09-23T00:01:00.291+0000] {dag.py:2726} INFO - Sync 6 DAGs
[2023-09-23T00:01:00.314+0000] {logging_mixin.py:149} INFO - [2023-09-23T00:01:00.313+0000] {dag.py:3490} INFO - Setting next_dagrun for dataset_consumes_1 to None, run_after=None
[2023-09-23T00:01:00.317+0000] {logging_mixin.py:149} INFO - [2023-09-23T00:01:00.317+0000] {dag.py:3490} INFO - Setting next_dagrun for dataset_consumes_1_and_2 to None, run_after=None
[2023-09-23T00:01:00.318+0000] {logging_mixin.py:149} INFO - [2023-09-23T00:01:00.318+0000] {dag.py:3490} INFO - Setting next_dagrun for dataset_consumes_1_never_scheduled to None, run_after=None
[2023-09-23T00:01:00.319+0000] {logging_mixin.py:149} INFO - [2023-09-23T00:01:00.319+0000] {dag.py:3490} INFO - Setting next_dagrun for dataset_consumes_unknown_never_scheduled to None, run_after=None
[2023-09-23T00:01:00.320+0000] {logging_mixin.py:149} INFO - [2023-09-23T00:01:00.320+0000] {dag.py:3490} INFO - Setting next_dagrun for dataset_produces_1 to 2023-09-22T00:00:00+00:00, run_after=2023-09-23T00:00:00+00:00
[2023-09-23T00:01:00.321+0000] {logging_mixin.py:149} INFO - [2023-09-23T00:01:00.321+0000] {dag.py:3490} INFO - Setting next_dagrun for dataset_produces_2 to None, run_after=None
[2023-09-23T00:01:00.346+0000] {processor.py:179} INFO - Processing /home/airflow/.local/lib/python3.7/site-packages/airflow/example_dags/example_datasets.py took 0.103 seconds
[2023-09-23T00:01:30.417+0000] {processor.py:157} INFO - Started process (PID=3112) to work on /home/airflow/.local/lib/python3.7/site-packages/airflow/example_dags/example_datasets.py
[2023-09-23T00:01:30.418+0000] {processor.py:826} INFO - Processing file /home/airflow/.local/lib/python3.7/site-packages/airflow/example_dags/example_datasets.py for tasks to queue
[2023-09-23T00:01:30.419+0000] {logging_mixin.py:149} INFO - [2023-09-23T00:01:30.418+0000] {dagbag.py:541} INFO - Filling up the DagBag from /home/airflow/.local/lib/python3.7/site-packages/airflow/example_dags/example_datasets.py
[2023-09-23T00:01:30.425+0000] {processor.py:836} INFO - DAG(s) dict_keys(['dataset_produces_1', 'dataset_produces_2', 'dataset_consumes_unknown_never_scheduled', 'dataset_consumes_1_and_2', 'dataset_consumes_1', 'dataset_consumes_1_never_scheduled']) retrieved from /home/airflow/.local/lib/python3.7/site-packages/airflow/example_dags/example_datasets.py
[2023-09-23T00:01:30.456+0000] {logging_mixin.py:149} INFO - [2023-09-23T00:01:30.456+0000] {dag.py:2726} INFO - Sync 6 DAGs
[2023-09-23T00:01:30.477+0000] {logging_mixin.py:149} INFO - [2023-09-23T00:01:30.477+0000] {dag.py:3490} INFO - Setting next_dagrun for dataset_consumes_1 to None, run_after=None
[2023-09-23T00:01:30.479+0000] {logging_mixin.py:149} INFO - [2023-09-23T00:01:30.479+0000] {dag.py:3490} INFO - Setting next_dagrun for dataset_consumes_1_and_2 to None, run_after=None
[2023-09-23T00:01:30.480+0000] {logging_mixin.py:149} INFO - [2023-09-23T00:01:30.480+0000] {dag.py:3490} INFO - Setting next_dagrun for dataset_consumes_1_never_scheduled to None, run_after=None
[2023-09-23T00:01:30.481+0000] {logging_mixin.py:149} INFO - [2023-09-23T00:01:30.481+0000] {dag.py:3490} INFO - Setting next_dagrun for dataset_consumes_unknown_never_scheduled to None, run_after=None
[2023-09-23T00:01:30.483+0000] {logging_mixin.py:149} INFO - [2023-09-23T00:01:30.483+0000] {dag.py:3490} INFO - Setting next_dagrun for dataset_produces_1 to 2023-09-22T00:00:00+00:00, run_after=2023-09-23T00:00:00+00:00
[2023-09-23T00:01:30.484+0000] {logging_mixin.py:149} INFO - [2023-09-23T00:01:30.484+0000] {dag.py:3490} INFO - Setting next_dagrun for dataset_produces_2 to None, run_after=None
[2023-09-23T00:01:30.510+0000] {processor.py:179} INFO - Processing /home/airflow/.local/lib/python3.7/site-packages/airflow/example_dags/example_datasets.py took 0.095 seconds
