[2023-09-23T00:00:04.649+0000] {processor.py:157} INFO - Started process (PID=2934) to work on /home/airflow/.local/lib/python3.7/site-packages/airflow/example_dags/example_nested_branch_dag.py
[2023-09-23T00:00:04.650+0000] {processor.py:826} INFO - Processing file /home/airflow/.local/lib/python3.7/site-packages/airflow/example_dags/example_nested_branch_dag.py for tasks to queue
[2023-09-23T00:00:04.651+0000] {logging_mixin.py:149} INFO - [2023-09-23T00:00:04.650+0000] {dagbag.py:541} INFO - Filling up the DagBag from /home/airflow/.local/lib/python3.7/site-packages/airflow/example_dags/example_nested_branch_dag.py
[2023-09-23T00:00:04.658+0000] {processor.py:836} INFO - DAG(s) dict_keys(['example_nested_branch_dag']) retrieved from /home/airflow/.local/lib/python3.7/site-packages/airflow/example_dags/example_nested_branch_dag.py
[2023-09-23T00:00:04.679+0000] {logging_mixin.py:149} INFO - [2023-09-23T00:00:04.679+0000] {dag.py:2726} INFO - Sync 1 DAGs
[2023-09-23T00:00:04.699+0000] {logging_mixin.py:149} INFO - [2023-09-23T00:00:04.699+0000] {dag.py:3490} INFO - Setting next_dagrun for example_nested_branch_dag to 2023-09-22T00:00:00+00:00, run_after=2023-09-23T00:00:00+00:00
[2023-09-23T00:00:04.713+0000] {processor.py:179} INFO - Processing /home/airflow/.local/lib/python3.7/site-packages/airflow/example_dags/example_nested_branch_dag.py took 0.066 seconds
[2023-09-23T00:00:34.838+0000] {processor.py:157} INFO - Started process (PID=2998) to work on /home/airflow/.local/lib/python3.7/site-packages/airflow/example_dags/example_nested_branch_dag.py
[2023-09-23T00:00:34.839+0000] {processor.py:826} INFO - Processing file /home/airflow/.local/lib/python3.7/site-packages/airflow/example_dags/example_nested_branch_dag.py for tasks to queue
[2023-09-23T00:00:34.839+0000] {logging_mixin.py:149} INFO - [2023-09-23T00:00:34.839+0000] {dagbag.py:541} INFO - Filling up the DagBag from /home/airflow/.local/lib/python3.7/site-packages/airflow/example_dags/example_nested_branch_dag.py
[2023-09-23T00:00:34.848+0000] {processor.py:836} INFO - DAG(s) dict_keys(['example_nested_branch_dag']) retrieved from /home/airflow/.local/lib/python3.7/site-packages/airflow/example_dags/example_nested_branch_dag.py
[2023-09-23T00:00:34.867+0000] {logging_mixin.py:149} INFO - [2023-09-23T00:00:34.867+0000] {dag.py:2726} INFO - Sync 1 DAGs
[2023-09-23T00:00:34.887+0000] {logging_mixin.py:149} INFO - [2023-09-23T00:00:34.887+0000] {dag.py:3490} INFO - Setting next_dagrun for example_nested_branch_dag to 2023-09-22T00:00:00+00:00, run_after=2023-09-23T00:00:00+00:00
[2023-09-23T00:00:34.903+0000] {processor.py:179} INFO - Processing /home/airflow/.local/lib/python3.7/site-packages/airflow/example_dags/example_nested_branch_dag.py took 0.067 seconds
[2023-09-23T00:01:05.053+0000] {processor.py:157} INFO - Started process (PID=3062) to work on /home/airflow/.local/lib/python3.7/site-packages/airflow/example_dags/example_nested_branch_dag.py
[2023-09-23T00:01:05.054+0000] {processor.py:826} INFO - Processing file /home/airflow/.local/lib/python3.7/site-packages/airflow/example_dags/example_nested_branch_dag.py for tasks to queue
[2023-09-23T00:01:05.055+0000] {logging_mixin.py:149} INFO - [2023-09-23T00:01:05.055+0000] {dagbag.py:541} INFO - Filling up the DagBag from /home/airflow/.local/lib/python3.7/site-packages/airflow/example_dags/example_nested_branch_dag.py
[2023-09-23T00:01:05.062+0000] {processor.py:836} INFO - DAG(s) dict_keys(['example_nested_branch_dag']) retrieved from /home/airflow/.local/lib/python3.7/site-packages/airflow/example_dags/example_nested_branch_dag.py
[2023-09-23T00:01:05.082+0000] {logging_mixin.py:149} INFO - [2023-09-23T00:01:05.082+0000] {dag.py:2726} INFO - Sync 1 DAGs
[2023-09-23T00:01:05.103+0000] {logging_mixin.py:149} INFO - [2023-09-23T00:01:05.103+0000] {dag.py:3490} INFO - Setting next_dagrun for example_nested_branch_dag to 2023-09-22T00:00:00+00:00, run_after=2023-09-23T00:00:00+00:00
[2023-09-23T00:01:05.118+0000] {processor.py:179} INFO - Processing /home/airflow/.local/lib/python3.7/site-packages/airflow/example_dags/example_nested_branch_dag.py took 0.068 seconds
[2023-09-23T00:01:36.083+0000] {processor.py:157} INFO - Started process (PID=3126) to work on /home/airflow/.local/lib/python3.7/site-packages/airflow/example_dags/example_nested_branch_dag.py
[2023-09-23T00:01:36.084+0000] {processor.py:826} INFO - Processing file /home/airflow/.local/lib/python3.7/site-packages/airflow/example_dags/example_nested_branch_dag.py for tasks to queue
[2023-09-23T00:01:36.084+0000] {logging_mixin.py:149} INFO - [2023-09-23T00:01:36.084+0000] {dagbag.py:541} INFO - Filling up the DagBag from /home/airflow/.local/lib/python3.7/site-packages/airflow/example_dags/example_nested_branch_dag.py
[2023-09-23T00:01:36.092+0000] {processor.py:836} INFO - DAG(s) dict_keys(['example_nested_branch_dag']) retrieved from /home/airflow/.local/lib/python3.7/site-packages/airflow/example_dags/example_nested_branch_dag.py
[2023-09-23T00:01:36.115+0000] {logging_mixin.py:149} INFO - [2023-09-23T00:01:36.115+0000] {dag.py:2726} INFO - Sync 1 DAGs
[2023-09-23T00:01:36.134+0000] {logging_mixin.py:149} INFO - [2023-09-23T00:01:36.134+0000] {dag.py:3490} INFO - Setting next_dagrun for example_nested_branch_dag to 2023-09-22T00:00:00+00:00, run_after=2023-09-23T00:00:00+00:00
[2023-09-23T00:01:36.148+0000] {processor.py:179} INFO - Processing /home/airflow/.local/lib/python3.7/site-packages/airflow/example_dags/example_nested_branch_dag.py took 0.067 seconds
