[2023-09-23T00:00:04.730+0000] {processor.py:157} INFO - Started process (PID=2936) to work on /home/airflow/.local/lib/python3.7/site-packages/airflow/example_dags/example_bash_operator.py
[2023-09-23T00:00:04.730+0000] {processor.py:826} INFO - Processing file /home/airflow/.local/lib/python3.7/site-packages/airflow/example_dags/example_bash_operator.py for tasks to queue
[2023-09-23T00:00:04.731+0000] {logging_mixin.py:149} INFO - [2023-09-23T00:00:04.731+0000] {dagbag.py:541} INFO - Filling up the DagBag from /home/airflow/.local/lib/python3.7/site-packages/airflow/example_dags/example_bash_operator.py
[2023-09-23T00:00:04.742+0000] {processor.py:836} INFO - DAG(s) dict_keys(['example_bash_operator']) retrieved from /home/airflow/.local/lib/python3.7/site-packages/airflow/example_dags/example_bash_operator.py
[2023-09-23T00:00:04.772+0000] {logging_mixin.py:149} INFO - [2023-09-23T00:00:04.772+0000] {dag.py:2726} INFO - Sync 1 DAGs
[2023-09-23T00:00:04.792+0000] {logging_mixin.py:149} INFO - [2023-09-23T00:00:04.792+0000] {dag.py:3490} INFO - Setting next_dagrun for example_bash_operator to 2023-09-22T00:00:00+00:00, run_after=2023-09-23T00:00:00+00:00
[2023-09-23T00:00:04.806+0000] {processor.py:179} INFO - Processing /home/airflow/.local/lib/python3.7/site-packages/airflow/example_dags/example_bash_operator.py took 0.079 seconds
[2023-09-23T00:00:34.919+0000] {processor.py:157} INFO - Started process (PID=3000) to work on /home/airflow/.local/lib/python3.7/site-packages/airflow/example_dags/example_bash_operator.py
[2023-09-23T00:00:34.920+0000] {processor.py:826} INFO - Processing file /home/airflow/.local/lib/python3.7/site-packages/airflow/example_dags/example_bash_operator.py for tasks to queue
[2023-09-23T00:00:34.920+0000] {logging_mixin.py:149} INFO - [2023-09-23T00:00:34.920+0000] {dagbag.py:541} INFO - Filling up the DagBag from /home/airflow/.local/lib/python3.7/site-packages/airflow/example_dags/example_bash_operator.py
[2023-09-23T00:00:34.931+0000] {processor.py:836} INFO - DAG(s) dict_keys(['example_bash_operator']) retrieved from /home/airflow/.local/lib/python3.7/site-packages/airflow/example_dags/example_bash_operator.py
[2023-09-23T00:00:34.959+0000] {logging_mixin.py:149} INFO - [2023-09-23T00:00:34.959+0000] {dag.py:2726} INFO - Sync 1 DAGs
[2023-09-23T00:00:34.985+0000] {logging_mixin.py:149} INFO - [2023-09-23T00:00:34.985+0000] {dag.py:3490} INFO - Setting next_dagrun for example_bash_operator to 2023-09-22T00:00:00+00:00, run_after=2023-09-23T00:00:00+00:00
[2023-09-23T00:00:35.001+0000] {processor.py:179} INFO - Processing /home/airflow/.local/lib/python3.7/site-packages/airflow/example_dags/example_bash_operator.py took 0.084 seconds
[2023-09-23T00:01:05.136+0000] {processor.py:157} INFO - Started process (PID=3064) to work on /home/airflow/.local/lib/python3.7/site-packages/airflow/example_dags/example_bash_operator.py
[2023-09-23T00:01:05.136+0000] {processor.py:826} INFO - Processing file /home/airflow/.local/lib/python3.7/site-packages/airflow/example_dags/example_bash_operator.py for tasks to queue
[2023-09-23T00:01:05.137+0000] {logging_mixin.py:149} INFO - [2023-09-23T00:01:05.137+0000] {dagbag.py:541} INFO - Filling up the DagBag from /home/airflow/.local/lib/python3.7/site-packages/airflow/example_dags/example_bash_operator.py
[2023-09-23T00:01:05.148+0000] {processor.py:836} INFO - DAG(s) dict_keys(['example_bash_operator']) retrieved from /home/airflow/.local/lib/python3.7/site-packages/airflow/example_dags/example_bash_operator.py
[2023-09-23T00:01:05.177+0000] {logging_mixin.py:149} INFO - [2023-09-23T00:01:05.177+0000] {dag.py:2726} INFO - Sync 1 DAGs
[2023-09-23T00:01:05.196+0000] {logging_mixin.py:149} INFO - [2023-09-23T00:01:05.196+0000] {dag.py:3490} INFO - Setting next_dagrun for example_bash_operator to 2023-09-22T00:00:00+00:00, run_after=2023-09-23T00:00:00+00:00
[2023-09-23T00:01:05.210+0000] {processor.py:179} INFO - Processing /home/airflow/.local/lib/python3.7/site-packages/airflow/example_dags/example_bash_operator.py took 0.077 seconds
[2023-09-23T00:01:36.164+0000] {processor.py:157} INFO - Started process (PID=3128) to work on /home/airflow/.local/lib/python3.7/site-packages/airflow/example_dags/example_bash_operator.py
[2023-09-23T00:01:36.164+0000] {processor.py:826} INFO - Processing file /home/airflow/.local/lib/python3.7/site-packages/airflow/example_dags/example_bash_operator.py for tasks to queue
[2023-09-23T00:01:36.165+0000] {logging_mixin.py:149} INFO - [2023-09-23T00:01:36.165+0000] {dagbag.py:541} INFO - Filling up the DagBag from /home/airflow/.local/lib/python3.7/site-packages/airflow/example_dags/example_bash_operator.py
[2023-09-23T00:01:36.176+0000] {processor.py:836} INFO - DAG(s) dict_keys(['example_bash_operator']) retrieved from /home/airflow/.local/lib/python3.7/site-packages/airflow/example_dags/example_bash_operator.py
[2023-09-23T00:01:36.207+0000] {logging_mixin.py:149} INFO - [2023-09-23T00:01:36.207+0000] {dag.py:2726} INFO - Sync 1 DAGs
[2023-09-23T00:01:36.226+0000] {logging_mixin.py:149} INFO - [2023-09-23T00:01:36.226+0000] {dag.py:3490} INFO - Setting next_dagrun for example_bash_operator to 2023-09-22T00:00:00+00:00, run_after=2023-09-23T00:00:00+00:00
[2023-09-23T00:01:36.240+0000] {processor.py:179} INFO - Processing /home/airflow/.local/lib/python3.7/site-packages/airflow/example_dags/example_bash_operator.py took 0.079 seconds
