[2023-09-23T00:00:08.025+0000] {processor.py:157} INFO - Started process (PID=2944) to work on /home/airflow/.local/lib/python3.7/site-packages/airflow/example_dags/example_trigger_target_dag.py
[2023-09-23T00:00:08.025+0000] {processor.py:826} INFO - Processing file /home/airflow/.local/lib/python3.7/site-packages/airflow/example_dags/example_trigger_target_dag.py for tasks to queue
[2023-09-23T00:00:08.026+0000] {logging_mixin.py:149} INFO - [2023-09-23T00:00:08.026+0000] {dagbag.py:541} INFO - Filling up the DagBag from /home/airflow/.local/lib/python3.7/site-packages/airflow/example_dags/example_trigger_target_dag.py
[2023-09-23T00:00:08.030+0000] {processor.py:836} INFO - DAG(s) dict_keys(['example_trigger_target_dag']) retrieved from /home/airflow/.local/lib/python3.7/site-packages/airflow/example_dags/example_trigger_target_dag.py
[2023-09-23T00:00:08.051+0000] {logging_mixin.py:149} INFO - [2023-09-23T00:00:08.051+0000] {dag.py:2726} INFO - Sync 1 DAGs
[2023-09-23T00:00:08.073+0000] {logging_mixin.py:149} INFO - [2023-09-23T00:00:08.073+0000] {dag.py:3490} INFO - Setting next_dagrun for example_trigger_target_dag to None, run_after=None
[2023-09-23T00:00:08.089+0000] {processor.py:179} INFO - Processing /home/airflow/.local/lib/python3.7/site-packages/airflow/example_dags/example_trigger_target_dag.py took 0.067 seconds
[2023-09-23T00:00:38.502+0000] {processor.py:157} INFO - Started process (PID=3008) to work on /home/airflow/.local/lib/python3.7/site-packages/airflow/example_dags/example_trigger_target_dag.py
[2023-09-23T00:00:38.503+0000] {processor.py:826} INFO - Processing file /home/airflow/.local/lib/python3.7/site-packages/airflow/example_dags/example_trigger_target_dag.py for tasks to queue
[2023-09-23T00:00:38.503+0000] {logging_mixin.py:149} INFO - [2023-09-23T00:00:38.503+0000] {dagbag.py:541} INFO - Filling up the DagBag from /home/airflow/.local/lib/python3.7/site-packages/airflow/example_dags/example_trigger_target_dag.py
[2023-09-23T00:00:38.509+0000] {processor.py:836} INFO - DAG(s) dict_keys(['example_trigger_target_dag']) retrieved from /home/airflow/.local/lib/python3.7/site-packages/airflow/example_dags/example_trigger_target_dag.py
[2023-09-23T00:00:38.533+0000] {logging_mixin.py:149} INFO - [2023-09-23T00:00:38.532+0000] {dag.py:2726} INFO - Sync 1 DAGs
[2023-09-23T00:00:38.553+0000] {logging_mixin.py:149} INFO - [2023-09-23T00:00:38.553+0000] {dag.py:3490} INFO - Setting next_dagrun for example_trigger_target_dag to None, run_after=None
[2023-09-23T00:00:38.571+0000] {processor.py:179} INFO - Processing /home/airflow/.local/lib/python3.7/site-packages/airflow/example_dags/example_trigger_target_dag.py took 0.072 seconds
[2023-09-23T00:01:08.645+0000] {processor.py:157} INFO - Started process (PID=3072) to work on /home/airflow/.local/lib/python3.7/site-packages/airflow/example_dags/example_trigger_target_dag.py
[2023-09-23T00:01:08.646+0000] {processor.py:826} INFO - Processing file /home/airflow/.local/lib/python3.7/site-packages/airflow/example_dags/example_trigger_target_dag.py for tasks to queue
[2023-09-23T00:01:08.646+0000] {logging_mixin.py:149} INFO - [2023-09-23T00:01:08.646+0000] {dagbag.py:541} INFO - Filling up the DagBag from /home/airflow/.local/lib/python3.7/site-packages/airflow/example_dags/example_trigger_target_dag.py
[2023-09-23T00:01:08.650+0000] {processor.py:836} INFO - DAG(s) dict_keys(['example_trigger_target_dag']) retrieved from /home/airflow/.local/lib/python3.7/site-packages/airflow/example_dags/example_trigger_target_dag.py
[2023-09-23T00:01:08.667+0000] {logging_mixin.py:149} INFO - [2023-09-23T00:01:08.667+0000] {dag.py:2726} INFO - Sync 1 DAGs
[2023-09-23T00:01:08.685+0000] {logging_mixin.py:149} INFO - [2023-09-23T00:01:08.685+0000] {dag.py:3490} INFO - Setting next_dagrun for example_trigger_target_dag to None, run_after=None
[2023-09-23T00:01:08.697+0000] {processor.py:179} INFO - Processing /home/airflow/.local/lib/python3.7/site-packages/airflow/example_dags/example_trigger_target_dag.py took 0.055 seconds
[2023-09-23T00:01:39.515+0000] {processor.py:157} INFO - Started process (PID=3136) to work on /home/airflow/.local/lib/python3.7/site-packages/airflow/example_dags/example_trigger_target_dag.py
[2023-09-23T00:01:39.515+0000] {processor.py:826} INFO - Processing file /home/airflow/.local/lib/python3.7/site-packages/airflow/example_dags/example_trigger_target_dag.py for tasks to queue
[2023-09-23T00:01:39.516+0000] {logging_mixin.py:149} INFO - [2023-09-23T00:01:39.516+0000] {dagbag.py:541} INFO - Filling up the DagBag from /home/airflow/.local/lib/python3.7/site-packages/airflow/example_dags/example_trigger_target_dag.py
[2023-09-23T00:01:39.521+0000] {processor.py:836} INFO - DAG(s) dict_keys(['example_trigger_target_dag']) retrieved from /home/airflow/.local/lib/python3.7/site-packages/airflow/example_dags/example_trigger_target_dag.py
[2023-09-23T00:01:39.541+0000] {logging_mixin.py:149} INFO - [2023-09-23T00:01:39.541+0000] {dag.py:2726} INFO - Sync 1 DAGs
[2023-09-23T00:01:39.561+0000] {logging_mixin.py:149} INFO - [2023-09-23T00:01:39.561+0000] {dag.py:3490} INFO - Setting next_dagrun for example_trigger_target_dag to None, run_after=None
[2023-09-23T00:01:39.576+0000] {processor.py:179} INFO - Processing /home/airflow/.local/lib/python3.7/site-packages/airflow/example_dags/example_trigger_target_dag.py took 0.063 seconds
