[2023-09-23T00:00:18.284+0000] {processor.py:157} INFO - Started process (PID=2959) to work on /home/airflow/.local/lib/python3.7/site-packages/airflow/example_dags/example_short_circuit_operator.py
[2023-09-23T00:00:18.284+0000] {processor.py:826} INFO - Processing file /home/airflow/.local/lib/python3.7/site-packages/airflow/example_dags/example_short_circuit_operator.py for tasks to queue
[2023-09-23T00:00:18.285+0000] {logging_mixin.py:149} INFO - [2023-09-23T00:00:18.285+0000] {dagbag.py:541} INFO - Filling up the DagBag from /home/airflow/.local/lib/python3.7/site-packages/airflow/example_dags/example_short_circuit_operator.py
[2023-09-23T00:00:18.291+0000] {processor.py:836} INFO - DAG(s) dict_keys(['example_short_circuit_operator']) retrieved from /home/airflow/.local/lib/python3.7/site-packages/airflow/example_dags/example_short_circuit_operator.py
[2023-09-23T00:00:18.313+0000] {logging_mixin.py:149} INFO - [2023-09-23T00:00:18.313+0000] {dag.py:2726} INFO - Sync 1 DAGs
[2023-09-23T00:00:18.330+0000] {logging_mixin.py:149} INFO - [2023-09-23T00:00:18.330+0000] {dag.py:3490} INFO - Setting next_dagrun for example_short_circuit_operator to 2023-09-22T00:00:18.330389+00:00, run_after=2023-09-23T00:00:18.330389+00:00
[2023-09-23T00:00:18.344+0000] {processor.py:179} INFO - Processing /home/airflow/.local/lib/python3.7/site-packages/airflow/example_dags/example_short_circuit_operator.py took 0.062 seconds
[2023-09-23T00:00:48.795+0000] {processor.py:157} INFO - Started process (PID=3023) to work on /home/airflow/.local/lib/python3.7/site-packages/airflow/example_dags/example_short_circuit_operator.py
[2023-09-23T00:00:48.796+0000] {processor.py:826} INFO - Processing file /home/airflow/.local/lib/python3.7/site-packages/airflow/example_dags/example_short_circuit_operator.py for tasks to queue
[2023-09-23T00:00:48.796+0000] {logging_mixin.py:149} INFO - [2023-09-23T00:00:48.796+0000] {dagbag.py:541} INFO - Filling up the DagBag from /home/airflow/.local/lib/python3.7/site-packages/airflow/example_dags/example_short_circuit_operator.py
[2023-09-23T00:00:48.802+0000] {processor.py:836} INFO - DAG(s) dict_keys(['example_short_circuit_operator']) retrieved from /home/airflow/.local/lib/python3.7/site-packages/airflow/example_dags/example_short_circuit_operator.py
[2023-09-23T00:00:48.824+0000] {logging_mixin.py:149} INFO - [2023-09-23T00:00:48.824+0000] {dag.py:2726} INFO - Sync 1 DAGs
[2023-09-23T00:00:48.846+0000] {logging_mixin.py:149} INFO - [2023-09-23T00:00:48.845+0000] {dag.py:3490} INFO - Setting next_dagrun for example_short_circuit_operator to 2023-09-22T00:00:48.845654+00:00, run_after=2023-09-23T00:00:48.845654+00:00
[2023-09-23T00:00:48.861+0000] {processor.py:179} INFO - Processing /home/airflow/.local/lib/python3.7/site-packages/airflow/example_dags/example_short_circuit_operator.py took 0.069 seconds
[2023-09-23T00:01:18.891+0000] {processor.py:157} INFO - Started process (PID=3087) to work on /home/airflow/.local/lib/python3.7/site-packages/airflow/example_dags/example_short_circuit_operator.py
[2023-09-23T00:01:18.892+0000] {processor.py:826} INFO - Processing file /home/airflow/.local/lib/python3.7/site-packages/airflow/example_dags/example_short_circuit_operator.py for tasks to queue
[2023-09-23T00:01:18.893+0000] {logging_mixin.py:149} INFO - [2023-09-23T00:01:18.892+0000] {dagbag.py:541} INFO - Filling up the DagBag from /home/airflow/.local/lib/python3.7/site-packages/airflow/example_dags/example_short_circuit_operator.py
[2023-09-23T00:01:18.899+0000] {processor.py:836} INFO - DAG(s) dict_keys(['example_short_circuit_operator']) retrieved from /home/airflow/.local/lib/python3.7/site-packages/airflow/example_dags/example_short_circuit_operator.py
[2023-09-23T00:01:18.920+0000] {logging_mixin.py:149} INFO - [2023-09-23T00:01:18.920+0000] {dag.py:2726} INFO - Sync 1 DAGs
[2023-09-23T00:01:18.938+0000] {logging_mixin.py:149} INFO - [2023-09-23T00:01:18.938+0000] {dag.py:3490} INFO - Setting next_dagrun for example_short_circuit_operator to 2023-09-22T00:01:18.937804+00:00, run_after=2023-09-23T00:01:18.937804+00:00
[2023-09-23T00:01:18.952+0000] {processor.py:179} INFO - Processing /home/airflow/.local/lib/python3.7/site-packages/airflow/example_dags/example_short_circuit_operator.py took 0.064 seconds
[2023-09-23T00:01:49.787+0000] {processor.py:157} INFO - Started process (PID=3152) to work on /home/airflow/.local/lib/python3.7/site-packages/airflow/example_dags/example_short_circuit_operator.py
[2023-09-23T00:01:49.788+0000] {processor.py:826} INFO - Processing file /home/airflow/.local/lib/python3.7/site-packages/airflow/example_dags/example_short_circuit_operator.py for tasks to queue
[2023-09-23T00:01:49.788+0000] {logging_mixin.py:149} INFO - [2023-09-23T00:01:49.788+0000] {dagbag.py:541} INFO - Filling up the DagBag from /home/airflow/.local/lib/python3.7/site-packages/airflow/example_dags/example_short_circuit_operator.py
[2023-09-23T00:01:49.796+0000] {processor.py:836} INFO - DAG(s) dict_keys(['example_short_circuit_operator']) retrieved from /home/airflow/.local/lib/python3.7/site-packages/airflow/example_dags/example_short_circuit_operator.py
[2023-09-23T00:01:49.817+0000] {logging_mixin.py:149} INFO - [2023-09-23T00:01:49.817+0000] {dag.py:2726} INFO - Sync 1 DAGs
[2023-09-23T00:01:49.835+0000] {logging_mixin.py:149} INFO - [2023-09-23T00:01:49.835+0000] {dag.py:3490} INFO - Setting next_dagrun for example_short_circuit_operator to 2023-09-22T00:01:49.835251+00:00, run_after=2023-09-23T00:01:49.835251+00:00
[2023-09-23T00:01:49.850+0000] {processor.py:179} INFO - Processing /home/airflow/.local/lib/python3.7/site-packages/airflow/example_dags/example_short_circuit_operator.py took 0.066 seconds
