[2023-09-23T00:00:03.276+0000] {processor.py:157} INFO - Started process (PID=2927) to work on /home/airflow/.local/lib/python3.7/site-packages/airflow/example_dags/example_branch_day_of_week_operator.py
[2023-09-23T00:00:03.277+0000] {processor.py:826} INFO - Processing file /home/airflow/.local/lib/python3.7/site-packages/airflow/example_dags/example_branch_day_of_week_operator.py for tasks to queue
[2023-09-23T00:00:03.277+0000] {logging_mixin.py:149} INFO - [2023-09-23T00:00:03.277+0000] {dagbag.py:541} INFO - Filling up the DagBag from /home/airflow/.local/lib/python3.7/site-packages/airflow/example_dags/example_branch_day_of_week_operator.py
[2023-09-23T00:00:03.283+0000] {processor.py:836} INFO - DAG(s) dict_keys(['example_weekday_branch_operator']) retrieved from /home/airflow/.local/lib/python3.7/site-packages/airflow/example_dags/example_branch_day_of_week_operator.py
[2023-09-23T00:00:03.305+0000] {logging_mixin.py:149} INFO - [2023-09-23T00:00:03.305+0000] {dag.py:2726} INFO - Sync 1 DAGs
[2023-09-23T00:00:03.326+0000] {logging_mixin.py:149} INFO - [2023-09-23T00:00:03.325+0000] {dag.py:3490} INFO - Setting next_dagrun for example_weekday_branch_operator to 2023-09-22T00:00:00+00:00, run_after=2023-09-23T00:00:00+00:00
[2023-09-23T00:00:03.340+0000] {processor.py:179} INFO - Processing /home/airflow/.local/lib/python3.7/site-packages/airflow/example_dags/example_branch_day_of_week_operator.py took 0.067 seconds
[2023-09-23T00:00:33.541+0000] {processor.py:157} INFO - Started process (PID=2990) to work on /home/airflow/.local/lib/python3.7/site-packages/airflow/example_dags/example_branch_day_of_week_operator.py
[2023-09-23T00:00:33.541+0000] {processor.py:826} INFO - Processing file /home/airflow/.local/lib/python3.7/site-packages/airflow/example_dags/example_branch_day_of_week_operator.py for tasks to queue
[2023-09-23T00:00:33.542+0000] {logging_mixin.py:149} INFO - [2023-09-23T00:00:33.542+0000] {dagbag.py:541} INFO - Filling up the DagBag from /home/airflow/.local/lib/python3.7/site-packages/airflow/example_dags/example_branch_day_of_week_operator.py
[2023-09-23T00:00:33.548+0000] {processor.py:836} INFO - DAG(s) dict_keys(['example_weekday_branch_operator']) retrieved from /home/airflow/.local/lib/python3.7/site-packages/airflow/example_dags/example_branch_day_of_week_operator.py
[2023-09-23T00:00:33.568+0000] {logging_mixin.py:149} INFO - [2023-09-23T00:00:33.568+0000] {dag.py:2726} INFO - Sync 1 DAGs
[2023-09-23T00:00:33.587+0000] {logging_mixin.py:149} INFO - [2023-09-23T00:00:33.587+0000] {dag.py:3490} INFO - Setting next_dagrun for example_weekday_branch_operator to 2023-09-22T00:00:00+00:00, run_after=2023-09-23T00:00:00+00:00
[2023-09-23T00:00:33.601+0000] {processor.py:179} INFO - Processing /home/airflow/.local/lib/python3.7/site-packages/airflow/example_dags/example_branch_day_of_week_operator.py took 0.063 seconds
[2023-09-23T00:01:04.535+0000] {processor.py:157} INFO - Started process (PID=3055) to work on /home/airflow/.local/lib/python3.7/site-packages/airflow/example_dags/example_branch_day_of_week_operator.py
[2023-09-23T00:01:04.536+0000] {processor.py:826} INFO - Processing file /home/airflow/.local/lib/python3.7/site-packages/airflow/example_dags/example_branch_day_of_week_operator.py for tasks to queue
[2023-09-23T00:01:04.537+0000] {logging_mixin.py:149} INFO - [2023-09-23T00:01:04.536+0000] {dagbag.py:541} INFO - Filling up the DagBag from /home/airflow/.local/lib/python3.7/site-packages/airflow/example_dags/example_branch_day_of_week_operator.py
[2023-09-23T00:01:04.542+0000] {processor.py:836} INFO - DAG(s) dict_keys(['example_weekday_branch_operator']) retrieved from /home/airflow/.local/lib/python3.7/site-packages/airflow/example_dags/example_branch_day_of_week_operator.py
[2023-09-23T00:01:04.563+0000] {logging_mixin.py:149} INFO - [2023-09-23T00:01:04.563+0000] {dag.py:2726} INFO - Sync 1 DAGs
[2023-09-23T00:01:04.583+0000] {logging_mixin.py:149} INFO - [2023-09-23T00:01:04.583+0000] {dag.py:3490} INFO - Setting next_dagrun for example_weekday_branch_operator to 2023-09-22T00:00:00+00:00, run_after=2023-09-23T00:00:00+00:00
[2023-09-23T00:01:04.598+0000] {processor.py:179} INFO - Processing /home/airflow/.local/lib/python3.7/site-packages/airflow/example_dags/example_branch_day_of_week_operator.py took 0.065 seconds
[2023-09-23T00:01:34.629+0000] {processor.py:157} INFO - Started process (PID=3118) to work on /home/airflow/.local/lib/python3.7/site-packages/airflow/example_dags/example_branch_day_of_week_operator.py
[2023-09-23T00:01:34.629+0000] {processor.py:826} INFO - Processing file /home/airflow/.local/lib/python3.7/site-packages/airflow/example_dags/example_branch_day_of_week_operator.py for tasks to queue
[2023-09-23T00:01:34.630+0000] {logging_mixin.py:149} INFO - [2023-09-23T00:01:34.630+0000] {dagbag.py:541} INFO - Filling up the DagBag from /home/airflow/.local/lib/python3.7/site-packages/airflow/example_dags/example_branch_day_of_week_operator.py
[2023-09-23T00:01:34.635+0000] {processor.py:836} INFO - DAG(s) dict_keys(['example_weekday_branch_operator']) retrieved from /home/airflow/.local/lib/python3.7/site-packages/airflow/example_dags/example_branch_day_of_week_operator.py
[2023-09-23T00:01:34.654+0000] {logging_mixin.py:149} INFO - [2023-09-23T00:01:34.653+0000] {dag.py:2726} INFO - Sync 1 DAGs
[2023-09-23T00:01:34.676+0000] {logging_mixin.py:149} INFO - [2023-09-23T00:01:34.675+0000] {dag.py:3490} INFO - Setting next_dagrun for example_weekday_branch_operator to 2023-09-22T00:00:00+00:00, run_after=2023-09-23T00:00:00+00:00
[2023-09-23T00:01:34.690+0000] {processor.py:179} INFO - Processing /home/airflow/.local/lib/python3.7/site-packages/airflow/example_dags/example_branch_day_of_week_operator.py took 0.064 seconds
