[2023-09-23T00:00:04.446+0000] {processor.py:157} INFO - Started process (PID=2930) to work on /home/airflow/.local/lib/python3.7/site-packages/airflow/example_dags/example_latest_only.py
[2023-09-23T00:00:04.447+0000] {processor.py:826} INFO - Processing file /home/airflow/.local/lib/python3.7/site-packages/airflow/example_dags/example_latest_only.py for tasks to queue
[2023-09-23T00:00:04.447+0000] {logging_mixin.py:149} INFO - [2023-09-23T00:00:04.447+0000] {dagbag.py:541} INFO - Filling up the DagBag from /home/airflow/.local/lib/python3.7/site-packages/airflow/example_dags/example_latest_only.py
[2023-09-23T00:00:04.451+0000] {processor.py:836} INFO - DAG(s) dict_keys(['latest_only']) retrieved from /home/airflow/.local/lib/python3.7/site-packages/airflow/example_dags/example_latest_only.py
[2023-09-23T00:00:04.470+0000] {logging_mixin.py:149} INFO - [2023-09-23T00:00:04.470+0000] {dag.py:2726} INFO - Sync 1 DAGs
[2023-09-23T00:00:04.490+0000] {logging_mixin.py:149} INFO - [2023-09-23T00:00:04.489+0000] {dag.py:3490} INFO - Setting next_dagrun for latest_only to 2023-09-22T20:00:04.489818+00:00, run_after=2023-09-23T00:00:04.489818+00:00
[2023-09-23T00:00:04.505+0000] {processor.py:179} INFO - Processing /home/airflow/.local/lib/python3.7/site-packages/airflow/example_dags/example_latest_only.py took 0.061 seconds
[2023-09-23T00:00:34.630+0000] {processor.py:157} INFO - Started process (PID=2994) to work on /home/airflow/.local/lib/python3.7/site-packages/airflow/example_dags/example_latest_only.py
[2023-09-23T00:00:34.631+0000] {processor.py:826} INFO - Processing file /home/airflow/.local/lib/python3.7/site-packages/airflow/example_dags/example_latest_only.py for tasks to queue
[2023-09-23T00:00:34.631+0000] {logging_mixin.py:149} INFO - [2023-09-23T00:00:34.631+0000] {dagbag.py:541} INFO - Filling up the DagBag from /home/airflow/.local/lib/python3.7/site-packages/airflow/example_dags/example_latest_only.py
[2023-09-23T00:00:34.635+0000] {processor.py:836} INFO - DAG(s) dict_keys(['latest_only']) retrieved from /home/airflow/.local/lib/python3.7/site-packages/airflow/example_dags/example_latest_only.py
[2023-09-23T00:00:34.654+0000] {logging_mixin.py:149} INFO - [2023-09-23T00:00:34.654+0000] {dag.py:2726} INFO - Sync 1 DAGs
[2023-09-23T00:00:34.672+0000] {logging_mixin.py:149} INFO - [2023-09-23T00:00:34.672+0000] {dag.py:3490} INFO - Setting next_dagrun for latest_only to 2023-09-22T20:00:34.672530+00:00, run_after=2023-09-23T00:00:34.672530+00:00
[2023-09-23T00:00:34.687+0000] {processor.py:179} INFO - Processing /home/airflow/.local/lib/python3.7/site-packages/airflow/example_dags/example_latest_only.py took 0.060 seconds
[2023-09-23T00:01:04.839+0000] {processor.py:157} INFO - Started process (PID=3058) to work on /home/airflow/.local/lib/python3.7/site-packages/airflow/example_dags/example_latest_only.py
[2023-09-23T00:01:04.840+0000] {processor.py:826} INFO - Processing file /home/airflow/.local/lib/python3.7/site-packages/airflow/example_dags/example_latest_only.py for tasks to queue
[2023-09-23T00:01:04.841+0000] {logging_mixin.py:149} INFO - [2023-09-23T00:01:04.841+0000] {dagbag.py:541} INFO - Filling up the DagBag from /home/airflow/.local/lib/python3.7/site-packages/airflow/example_dags/example_latest_only.py
[2023-09-23T00:01:04.845+0000] {processor.py:836} INFO - DAG(s) dict_keys(['latest_only']) retrieved from /home/airflow/.local/lib/python3.7/site-packages/airflow/example_dags/example_latest_only.py
[2023-09-23T00:01:04.863+0000] {logging_mixin.py:149} INFO - [2023-09-23T00:01:04.863+0000] {dag.py:2726} INFO - Sync 1 DAGs
[2023-09-23T00:01:04.884+0000] {logging_mixin.py:149} INFO - [2023-09-23T00:01:04.884+0000] {dag.py:3490} INFO - Setting next_dagrun for latest_only to 2023-09-22T20:01:04.884396+00:00, run_after=2023-09-23T00:01:04.884396+00:00
[2023-09-23T00:01:04.899+0000] {processor.py:179} INFO - Processing /home/airflow/.local/lib/python3.7/site-packages/airflow/example_dags/example_latest_only.py took 0.062 seconds
[2023-09-23T00:01:35.857+0000] {processor.py:157} INFO - Started process (PID=3122) to work on /home/airflow/.local/lib/python3.7/site-packages/airflow/example_dags/example_latest_only.py
[2023-09-23T00:01:35.857+0000] {processor.py:826} INFO - Processing file /home/airflow/.local/lib/python3.7/site-packages/airflow/example_dags/example_latest_only.py for tasks to queue
[2023-09-23T00:01:35.858+0000] {logging_mixin.py:149} INFO - [2023-09-23T00:01:35.858+0000] {dagbag.py:541} INFO - Filling up the DagBag from /home/airflow/.local/lib/python3.7/site-packages/airflow/example_dags/example_latest_only.py
[2023-09-23T00:01:35.862+0000] {processor.py:836} INFO - DAG(s) dict_keys(['latest_only']) retrieved from /home/airflow/.local/lib/python3.7/site-packages/airflow/example_dags/example_latest_only.py
[2023-09-23T00:01:35.880+0000] {logging_mixin.py:149} INFO - [2023-09-23T00:01:35.880+0000] {dag.py:2726} INFO - Sync 1 DAGs
[2023-09-23T00:01:35.899+0000] {logging_mixin.py:149} INFO - [2023-09-23T00:01:35.899+0000] {dag.py:3490} INFO - Setting next_dagrun for latest_only to 2023-09-22T20:01:35.899056+00:00, run_after=2023-09-23T00:01:35.899056+00:00
[2023-09-23T00:01:35.914+0000] {processor.py:179} INFO - Processing /home/airflow/.local/lib/python3.7/site-packages/airflow/example_dags/example_latest_only.py took 0.059 seconds
