[2023-09-23T00:00:05.857+0000] {processor.py:157} INFO - Started process (PID=2940) to work on /home/airflow/.local/lib/python3.7/site-packages/airflow/example_dags/example_branch_python_dop_operator_3.py
[2023-09-23T00:00:05.858+0000] {processor.py:826} INFO - Processing file /home/airflow/.local/lib/python3.7/site-packages/airflow/example_dags/example_branch_python_dop_operator_3.py for tasks to queue
[2023-09-23T00:00:05.858+0000] {logging_mixin.py:149} INFO - [2023-09-23T00:00:05.858+0000] {dagbag.py:541} INFO - Filling up the DagBag from /home/airflow/.local/lib/python3.7/site-packages/airflow/example_dags/example_branch_python_dop_operator_3.py
[2023-09-23T00:00:05.864+0000] {processor.py:836} INFO - DAG(s) dict_keys(['example_branch_dop_operator_v3']) retrieved from /home/airflow/.local/lib/python3.7/site-packages/airflow/example_dags/example_branch_python_dop_operator_3.py
[2023-09-23T00:00:05.882+0000] {logging_mixin.py:149} INFO - [2023-09-23T00:00:05.882+0000] {dag.py:2726} INFO - Sync 1 DAGs
[2023-09-23T00:00:05.906+0000] {logging_mixin.py:149} INFO - [2023-09-23T00:00:05.906+0000] {dag.py:3490} INFO - Setting next_dagrun for example_branch_dop_operator_v3 to 2023-09-22T23:59:00+00:00, run_after=2023-09-23T00:00:00+00:00
[2023-09-23T00:00:05.920+0000] {processor.py:179} INFO - Processing /home/airflow/.local/lib/python3.7/site-packages/airflow/example_dags/example_branch_python_dop_operator_3.py took 0.066 seconds
[2023-09-23T00:00:36.027+0000] {processor.py:157} INFO - Started process (PID=3003) to work on /home/airflow/.local/lib/python3.7/site-packages/airflow/example_dags/example_branch_python_dop_operator_3.py
[2023-09-23T00:00:36.028+0000] {processor.py:826} INFO - Processing file /home/airflow/.local/lib/python3.7/site-packages/airflow/example_dags/example_branch_python_dop_operator_3.py for tasks to queue
[2023-09-23T00:00:36.028+0000] {logging_mixin.py:149} INFO - [2023-09-23T00:00:36.028+0000] {dagbag.py:541} INFO - Filling up the DagBag from /home/airflow/.local/lib/python3.7/site-packages/airflow/example_dags/example_branch_python_dop_operator_3.py
[2023-09-23T00:00:36.035+0000] {processor.py:836} INFO - DAG(s) dict_keys(['example_branch_dop_operator_v3']) retrieved from /home/airflow/.local/lib/python3.7/site-packages/airflow/example_dags/example_branch_python_dop_operator_3.py
[2023-09-23T00:00:36.058+0000] {logging_mixin.py:149} INFO - [2023-09-23T00:00:36.058+0000] {dag.py:2726} INFO - Sync 1 DAGs
[2023-09-23T00:00:36.082+0000] {logging_mixin.py:149} INFO - [2023-09-23T00:00:36.082+0000] {dag.py:3490} INFO - Setting next_dagrun for example_branch_dop_operator_v3 to 2023-09-22T23:59:00+00:00, run_after=2023-09-23T00:00:00+00:00
[2023-09-23T00:00:36.098+0000] {processor.py:179} INFO - Processing /home/airflow/.local/lib/python3.7/site-packages/airflow/example_dags/example_branch_python_dop_operator_3.py took 0.074 seconds
[2023-09-23T00:01:06.235+0000] {processor.py:157} INFO - Started process (PID=3067) to work on /home/airflow/.local/lib/python3.7/site-packages/airflow/example_dags/example_branch_python_dop_operator_3.py
[2023-09-23T00:01:06.236+0000] {processor.py:826} INFO - Processing file /home/airflow/.local/lib/python3.7/site-packages/airflow/example_dags/example_branch_python_dop_operator_3.py for tasks to queue
[2023-09-23T00:01:06.236+0000] {logging_mixin.py:149} INFO - [2023-09-23T00:01:06.236+0000] {dagbag.py:541} INFO - Filling up the DagBag from /home/airflow/.local/lib/python3.7/site-packages/airflow/example_dags/example_branch_python_dop_operator_3.py
[2023-09-23T00:01:06.243+0000] {processor.py:836} INFO - DAG(s) dict_keys(['example_branch_dop_operator_v3']) retrieved from /home/airflow/.local/lib/python3.7/site-packages/airflow/example_dags/example_branch_python_dop_operator_3.py
[2023-09-23T00:01:06.262+0000] {logging_mixin.py:149} INFO - [2023-09-23T00:01:06.262+0000] {dag.py:2726} INFO - Sync 1 DAGs
[2023-09-23T00:01:06.286+0000] {logging_mixin.py:149} INFO - [2023-09-23T00:01:06.286+0000] {dag.py:3490} INFO - Setting next_dagrun for example_branch_dop_operator_v3 to 2023-09-23T00:00:00+00:00, run_after=2023-09-23T00:01:00+00:00
[2023-09-23T00:01:06.300+0000] {processor.py:179} INFO - Processing /home/airflow/.local/lib/python3.7/site-packages/airflow/example_dags/example_branch_python_dop_operator_3.py took 0.068 seconds
[2023-09-23T00:01:37.267+0000] {processor.py:157} INFO - Started process (PID=3131) to work on /home/airflow/.local/lib/python3.7/site-packages/airflow/example_dags/example_branch_python_dop_operator_3.py
[2023-09-23T00:01:37.268+0000] {processor.py:826} INFO - Processing file /home/airflow/.local/lib/python3.7/site-packages/airflow/example_dags/example_branch_python_dop_operator_3.py for tasks to queue
[2023-09-23T00:01:37.268+0000] {logging_mixin.py:149} INFO - [2023-09-23T00:01:37.268+0000] {dagbag.py:541} INFO - Filling up the DagBag from /home/airflow/.local/lib/python3.7/site-packages/airflow/example_dags/example_branch_python_dop_operator_3.py
[2023-09-23T00:01:37.275+0000] {processor.py:836} INFO - DAG(s) dict_keys(['example_branch_dop_operator_v3']) retrieved from /home/airflow/.local/lib/python3.7/site-packages/airflow/example_dags/example_branch_python_dop_operator_3.py
[2023-09-23T00:01:37.294+0000] {logging_mixin.py:149} INFO - [2023-09-23T00:01:37.294+0000] {dag.py:2726} INFO - Sync 1 DAGs
[2023-09-23T00:01:37.317+0000] {logging_mixin.py:149} INFO - [2023-09-23T00:01:37.317+0000] {dag.py:3490} INFO - Setting next_dagrun for example_branch_dop_operator_v3 to 2023-09-23T00:00:00+00:00, run_after=2023-09-23T00:01:00+00:00
[2023-09-23T00:01:37.335+0000] {processor.py:179} INFO - Processing /home/airflow/.local/lib/python3.7/site-packages/airflow/example_dags/example_branch_python_dop_operator_3.py took 0.070 seconds
