[2023-09-23T00:00:22.036+0000] {processor.py:157} INFO - Started process (PID=2979) to work on /home/airflow/.local/lib/python3.7/site-packages/airflow/example_dags/example_branch_labels.py
[2023-09-23T00:00:22.037+0000] {processor.py:826} INFO - Processing file /home/airflow/.local/lib/python3.7/site-packages/airflow/example_dags/example_branch_labels.py for tasks to queue
[2023-09-23T00:00:22.037+0000] {logging_mixin.py:149} INFO - [2023-09-23T00:00:22.037+0000] {dagbag.py:541} INFO - Filling up the DagBag from /home/airflow/.local/lib/python3.7/site-packages/airflow/example_dags/example_branch_labels.py
[2023-09-23T00:00:22.043+0000] {processor.py:836} INFO - DAG(s) dict_keys(['example_branch_labels']) retrieved from /home/airflow/.local/lib/python3.7/site-packages/airflow/example_dags/example_branch_labels.py
[2023-09-23T00:00:22.062+0000] {logging_mixin.py:149} INFO - [2023-09-23T00:00:22.062+0000] {dag.py:2726} INFO - Sync 1 DAGs
[2023-09-23T00:00:22.085+0000] {logging_mixin.py:149} INFO - [2023-09-23T00:00:22.085+0000] {dag.py:3490} INFO - Setting next_dagrun for example_branch_labels to 2023-09-22T00:00:00+00:00, run_after=2023-09-23T00:00:00+00:00
[2023-09-23T00:00:22.101+0000] {processor.py:179} INFO - Processing /home/airflow/.local/lib/python3.7/site-packages/airflow/example_dags/example_branch_labels.py took 0.067 seconds
[2023-09-23T00:00:53.056+0000] {processor.py:157} INFO - Started process (PID=3043) to work on /home/airflow/.local/lib/python3.7/site-packages/airflow/example_dags/example_branch_labels.py
[2023-09-23T00:00:53.057+0000] {processor.py:826} INFO - Processing file /home/airflow/.local/lib/python3.7/site-packages/airflow/example_dags/example_branch_labels.py for tasks to queue
[2023-09-23T00:00:53.058+0000] {logging_mixin.py:149} INFO - [2023-09-23T00:00:53.057+0000] {dagbag.py:541} INFO - Filling up the DagBag from /home/airflow/.local/lib/python3.7/site-packages/airflow/example_dags/example_branch_labels.py
[2023-09-23T00:00:53.063+0000] {processor.py:836} INFO - DAG(s) dict_keys(['example_branch_labels']) retrieved from /home/airflow/.local/lib/python3.7/site-packages/airflow/example_dags/example_branch_labels.py
[2023-09-23T00:00:53.083+0000] {logging_mixin.py:149} INFO - [2023-09-23T00:00:53.083+0000] {dag.py:2726} INFO - Sync 1 DAGs
[2023-09-23T00:00:53.104+0000] {logging_mixin.py:149} INFO - [2023-09-23T00:00:53.104+0000] {dag.py:3490} INFO - Setting next_dagrun for example_branch_labels to 2023-09-22T00:00:00+00:00, run_after=2023-09-23T00:00:00+00:00
[2023-09-23T00:00:53.118+0000] {processor.py:179} INFO - Processing /home/airflow/.local/lib/python3.7/site-packages/airflow/example_dags/example_branch_labels.py took 0.064 seconds
[2023-09-23T00:01:23.159+0000] {processor.py:157} INFO - Started process (PID=3106) to work on /home/airflow/.local/lib/python3.7/site-packages/airflow/example_dags/example_branch_labels.py
[2023-09-23T00:01:23.159+0000] {processor.py:826} INFO - Processing file /home/airflow/.local/lib/python3.7/site-packages/airflow/example_dags/example_branch_labels.py for tasks to queue
[2023-09-23T00:01:23.160+0000] {logging_mixin.py:149} INFO - [2023-09-23T00:01:23.160+0000] {dagbag.py:541} INFO - Filling up the DagBag from /home/airflow/.local/lib/python3.7/site-packages/airflow/example_dags/example_branch_labels.py
[2023-09-23T00:01:23.167+0000] {processor.py:836} INFO - DAG(s) dict_keys(['example_branch_labels']) retrieved from /home/airflow/.local/lib/python3.7/site-packages/airflow/example_dags/example_branch_labels.py
[2023-09-23T00:01:23.189+0000] {logging_mixin.py:149} INFO - [2023-09-23T00:01:23.189+0000] {dag.py:2726} INFO - Sync 1 DAGs
[2023-09-23T00:01:23.211+0000] {logging_mixin.py:149} INFO - [2023-09-23T00:01:23.211+0000] {dag.py:3490} INFO - Setting next_dagrun for example_branch_labels to 2023-09-22T00:00:00+00:00, run_after=2023-09-23T00:00:00+00:00
[2023-09-23T00:01:23.225+0000] {processor.py:179} INFO - Processing /home/airflow/.local/lib/python3.7/site-packages/airflow/example_dags/example_branch_labels.py took 0.070 seconds
