[2023-09-23T00:00:02.259+0000] {processor.py:157} INFO - Started process (PID=2925) to work on /home/airflow/.local/lib/python3.7/site-packages/airflow/example_dags/example_short_circuit_decorator.py
[2023-09-23T00:00:02.260+0000] {processor.py:826} INFO - Processing file /home/airflow/.local/lib/python3.7/site-packages/airflow/example_dags/example_short_circuit_decorator.py for tasks to queue
[2023-09-23T00:00:02.261+0000] {logging_mixin.py:149} INFO - [2023-09-23T00:00:02.261+0000] {dagbag.py:541} INFO - Filling up the DagBag from /home/airflow/.local/lib/python3.7/site-packages/airflow/example_dags/example_short_circuit_decorator.py
[2023-09-23T00:00:02.269+0000] {processor.py:836} INFO - DAG(s) dict_keys(['example_short_circuit_decorator']) retrieved from /home/airflow/.local/lib/python3.7/site-packages/airflow/example_dags/example_short_circuit_decorator.py
[2023-09-23T00:00:02.370+0000] {logging_mixin.py:149} INFO - [2023-09-23T00:00:02.369+0000] {dag.py:2726} INFO - Sync 1 DAGs
[2023-09-23T00:00:02.391+0000] {logging_mixin.py:149} INFO - [2023-09-23T00:00:02.391+0000] {dag.py:3490} INFO - Setting next_dagrun for example_short_circuit_decorator to 2023-09-22T00:00:02.391057+00:00, run_after=2023-09-23T00:00:02.391057+00:00
[2023-09-23T00:00:02.407+0000] {processor.py:179} INFO - Processing /home/airflow/.local/lib/python3.7/site-packages/airflow/example_dags/example_short_circuit_decorator.py took 0.152 seconds
[2023-09-23T00:00:32.516+0000] {processor.py:157} INFO - Started process (PID=2989) to work on /home/airflow/.local/lib/python3.7/site-packages/airflow/example_dags/example_short_circuit_decorator.py
[2023-09-23T00:00:32.518+0000] {processor.py:826} INFO - Processing file /home/airflow/.local/lib/python3.7/site-packages/airflow/example_dags/example_short_circuit_decorator.py for tasks to queue
[2023-09-23T00:00:32.518+0000] {logging_mixin.py:149} INFO - [2023-09-23T00:00:32.518+0000] {dagbag.py:541} INFO - Filling up the DagBag from /home/airflow/.local/lib/python3.7/site-packages/airflow/example_dags/example_short_circuit_decorator.py
[2023-09-23T00:00:32.528+0000] {processor.py:836} INFO - DAG(s) dict_keys(['example_short_circuit_decorator']) retrieved from /home/airflow/.local/lib/python3.7/site-packages/airflow/example_dags/example_short_circuit_decorator.py
[2023-09-23T00:00:32.547+0000] {logging_mixin.py:149} INFO - [2023-09-23T00:00:32.547+0000] {dag.py:2726} INFO - Sync 1 DAGs
[2023-09-23T00:00:32.566+0000] {logging_mixin.py:149} INFO - [2023-09-23T00:00:32.566+0000] {dag.py:3490} INFO - Setting next_dagrun for example_short_circuit_decorator to 2023-09-22T00:00:32.565913+00:00, run_after=2023-09-23T00:00:32.565913+00:00
[2023-09-23T00:00:32.580+0000] {processor.py:179} INFO - Processing /home/airflow/.local/lib/python3.7/site-packages/airflow/example_dags/example_short_circuit_decorator.py took 0.066 seconds
[2023-09-23T00:01:03.513+0000] {processor.py:157} INFO - Started process (PID=3053) to work on /home/airflow/.local/lib/python3.7/site-packages/airflow/example_dags/example_short_circuit_decorator.py
[2023-09-23T00:01:03.514+0000] {processor.py:826} INFO - Processing file /home/airflow/.local/lib/python3.7/site-packages/airflow/example_dags/example_short_circuit_decorator.py for tasks to queue
[2023-09-23T00:01:03.515+0000] {logging_mixin.py:149} INFO - [2023-09-23T00:01:03.515+0000] {dagbag.py:541} INFO - Filling up the DagBag from /home/airflow/.local/lib/python3.7/site-packages/airflow/example_dags/example_short_circuit_decorator.py
[2023-09-23T00:01:03.523+0000] {processor.py:836} INFO - DAG(s) dict_keys(['example_short_circuit_decorator']) retrieved from /home/airflow/.local/lib/python3.7/site-packages/airflow/example_dags/example_short_circuit_decorator.py
[2023-09-23T00:01:03.543+0000] {logging_mixin.py:149} INFO - [2023-09-23T00:01:03.543+0000] {dag.py:2726} INFO - Sync 1 DAGs
[2023-09-23T00:01:03.562+0000] {logging_mixin.py:149} INFO - [2023-09-23T00:01:03.562+0000] {dag.py:3490} INFO - Setting next_dagrun for example_short_circuit_decorator to 2023-09-22T00:01:03.562106+00:00, run_after=2023-09-23T00:01:03.562106+00:00
[2023-09-23T00:01:03.576+0000] {processor.py:179} INFO - Processing /home/airflow/.local/lib/python3.7/site-packages/airflow/example_dags/example_short_circuit_decorator.py took 0.065 seconds
[2023-09-23T00:01:33.614+0000] {processor.py:157} INFO - Started process (PID=3117) to work on /home/airflow/.local/lib/python3.7/site-packages/airflow/example_dags/example_short_circuit_decorator.py
[2023-09-23T00:01:33.614+0000] {processor.py:826} INFO - Processing file /home/airflow/.local/lib/python3.7/site-packages/airflow/example_dags/example_short_circuit_decorator.py for tasks to queue
[2023-09-23T00:01:33.615+0000] {logging_mixin.py:149} INFO - [2023-09-23T00:01:33.615+0000] {dagbag.py:541} INFO - Filling up the DagBag from /home/airflow/.local/lib/python3.7/site-packages/airflow/example_dags/example_short_circuit_decorator.py
[2023-09-23T00:01:33.623+0000] {processor.py:836} INFO - DAG(s) dict_keys(['example_short_circuit_decorator']) retrieved from /home/airflow/.local/lib/python3.7/site-packages/airflow/example_dags/example_short_circuit_decorator.py
[2023-09-23T00:01:33.646+0000] {logging_mixin.py:149} INFO - [2023-09-23T00:01:33.646+0000] {dag.py:2726} INFO - Sync 1 DAGs
[2023-09-23T00:01:33.664+0000] {logging_mixin.py:149} INFO - [2023-09-23T00:01:33.664+0000] {dag.py:3490} INFO - Setting next_dagrun for example_short_circuit_decorator to 2023-09-22T00:01:33.664429+00:00, run_after=2023-09-23T00:01:33.664429+00:00
[2023-09-23T00:01:33.678+0000] {processor.py:179} INFO - Processing /home/airflow/.local/lib/python3.7/site-packages/airflow/example_dags/example_short_circuit_decorator.py took 0.067 seconds
