[2023-09-23T00:00:08.030+0000] {processor.py:157} INFO - Started process (PID=2945) to work on /home/airflow/.local/lib/python3.7/site-packages/airflow/example_dags/example_subdag_operator.py
[2023-09-23T00:00:08.030+0000] {processor.py:826} INFO - Processing file /home/airflow/.local/lib/python3.7/site-packages/airflow/example_dags/example_subdag_operator.py for tasks to queue
[2023-09-23T00:00:08.030+0000] {logging_mixin.py:149} INFO - [2023-09-23T00:00:08.030+0000] {dagbag.py:541} INFO - Filling up the DagBag from /home/airflow/.local/lib/python3.7/site-packages/airflow/example_dags/example_subdag_operator.py
[2023-09-23T00:00:08.050+0000] {processor.py:836} INFO - DAG(s) dict_keys(['example_subdag_operator.section-1', 'example_subdag_operator.section-2', 'example_subdag_operator']) retrieved from /home/airflow/.local/lib/python3.7/site-packages/airflow/example_dags/example_subdag_operator.py
[2023-09-23T00:00:08.064+0000] {logging_mixin.py:149} INFO - [2023-09-23T00:00:08.064+0000] {dag.py:2726} INFO - Sync 3 DAGs
[2023-09-23T00:00:08.084+0000] {logging_mixin.py:149} INFO - [2023-09-23T00:00:08.084+0000] {dag.py:3490} INFO - Setting next_dagrun for example_subdag_operator to 2022-01-01T00:00:00+00:00, run_after=2022-01-01T00:00:00+00:00
[2023-09-23T00:00:08.086+0000] {logging_mixin.py:149} INFO - [2023-09-23T00:00:08.086+0000] {dag.py:3490} INFO - Setting next_dagrun for example_subdag_operator.section-1 to None, run_after=None
[2023-09-23T00:00:08.088+0000] {logging_mixin.py:149} INFO - [2023-09-23T00:00:08.088+0000] {dag.py:3490} INFO - Setting next_dagrun for example_subdag_operator.section-2 to None, run_after=None
[2023-09-23T00:00:08.093+0000] {logging_mixin.py:149} INFO - [2023-09-23T00:00:08.092+0000] {dag.py:2726} INFO - Sync 2 DAGs
[2023-09-23T00:00:08.097+0000] {logging_mixin.py:149} INFO - [2023-09-23T00:00:08.097+0000] {dag.py:3490} INFO - Setting next_dagrun for example_subdag_operator.section-1 to None, run_after=None
[2023-09-23T00:00:08.097+0000] {logging_mixin.py:149} INFO - [2023-09-23T00:00:08.097+0000] {dag.py:3490} INFO - Setting next_dagrun for example_subdag_operator.section-2 to None, run_after=None
[2023-09-23T00:00:08.106+0000] {processor.py:179} INFO - Processing /home/airflow/.local/lib/python3.7/site-packages/airflow/example_dags/example_subdag_operator.py took 0.079 seconds
[2023-09-23T00:00:38.509+0000] {processor.py:157} INFO - Started process (PID=3009) to work on /home/airflow/.local/lib/python3.7/site-packages/airflow/example_dags/example_subdag_operator.py
[2023-09-23T00:00:38.509+0000] {processor.py:826} INFO - Processing file /home/airflow/.local/lib/python3.7/site-packages/airflow/example_dags/example_subdag_operator.py for tasks to queue
[2023-09-23T00:00:38.510+0000] {logging_mixin.py:149} INFO - [2023-09-23T00:00:38.510+0000] {dagbag.py:541} INFO - Filling up the DagBag from /home/airflow/.local/lib/python3.7/site-packages/airflow/example_dags/example_subdag_operator.py
[2023-09-23T00:00:38.533+0000] {processor.py:836} INFO - DAG(s) dict_keys(['example_subdag_operator.section-1', 'example_subdag_operator.section-2', 'example_subdag_operator']) retrieved from /home/airflow/.local/lib/python3.7/site-packages/airflow/example_dags/example_subdag_operator.py
[2023-09-23T00:00:38.550+0000] {logging_mixin.py:149} INFO - [2023-09-23T00:00:38.550+0000] {dag.py:2726} INFO - Sync 3 DAGs
[2023-09-23T00:00:38.574+0000] {logging_mixin.py:149} INFO - [2023-09-23T00:00:38.574+0000] {dag.py:3490} INFO - Setting next_dagrun for example_subdag_operator to 2022-01-01T00:00:00+00:00, run_after=2022-01-01T00:00:00+00:00
[2023-09-23T00:00:38.578+0000] {logging_mixin.py:149} INFO - [2023-09-23T00:00:38.578+0000] {dag.py:3490} INFO - Setting next_dagrun for example_subdag_operator.section-1 to None, run_after=None
[2023-09-23T00:00:38.579+0000] {logging_mixin.py:149} INFO - [2023-09-23T00:00:38.579+0000] {dag.py:3490} INFO - Setting next_dagrun for example_subdag_operator.section-2 to None, run_after=None
[2023-09-23T00:00:38.585+0000] {logging_mixin.py:149} INFO - [2023-09-23T00:00:38.585+0000] {dag.py:2726} INFO - Sync 2 DAGs
[2023-09-23T00:00:38.590+0000] {logging_mixin.py:149} INFO - [2023-09-23T00:00:38.590+0000] {dag.py:3490} INFO - Setting next_dagrun for example_subdag_operator.section-1 to None, run_after=None
[2023-09-23T00:00:38.591+0000] {logging_mixin.py:149} INFO - [2023-09-23T00:00:38.591+0000] {dag.py:3490} INFO - Setting next_dagrun for example_subdag_operator.section-2 to None, run_after=None
[2023-09-23T00:00:38.602+0000] {processor.py:179} INFO - Processing /home/airflow/.local/lib/python3.7/site-packages/airflow/example_dags/example_subdag_operator.py took 0.096 seconds
[2023-09-23T00:01:08.650+0000] {processor.py:157} INFO - Started process (PID=3073) to work on /home/airflow/.local/lib/python3.7/site-packages/airflow/example_dags/example_subdag_operator.py
[2023-09-23T00:01:08.650+0000] {processor.py:826} INFO - Processing file /home/airflow/.local/lib/python3.7/site-packages/airflow/example_dags/example_subdag_operator.py for tasks to queue
[2023-09-23T00:01:08.651+0000] {logging_mixin.py:149} INFO - [2023-09-23T00:01:08.651+0000] {dagbag.py:541} INFO - Filling up the DagBag from /home/airflow/.local/lib/python3.7/site-packages/airflow/example_dags/example_subdag_operator.py
[2023-09-23T00:01:08.668+0000] {processor.py:836} INFO - DAG(s) dict_keys(['example_subdag_operator.section-1', 'example_subdag_operator.section-2', 'example_subdag_operator']) retrieved from /home/airflow/.local/lib/python3.7/site-packages/airflow/example_dags/example_subdag_operator.py
[2023-09-23T00:01:08.682+0000] {logging_mixin.py:149} INFO - [2023-09-23T00:01:08.682+0000] {dag.py:2726} INFO - Sync 3 DAGs
[2023-09-23T00:01:08.700+0000] {logging_mixin.py:149} INFO - [2023-09-23T00:01:08.699+0000] {dag.py:3490} INFO - Setting next_dagrun for example_subdag_operator to 2022-01-01T00:00:00+00:00, run_after=2022-01-01T00:00:00+00:00
[2023-09-23T00:01:08.703+0000] {logging_mixin.py:149} INFO - [2023-09-23T00:01:08.702+0000] {dag.py:3490} INFO - Setting next_dagrun for example_subdag_operator.section-1 to None, run_after=None
[2023-09-23T00:01:08.703+0000] {logging_mixin.py:149} INFO - [2023-09-23T00:01:08.703+0000] {dag.py:3490} INFO - Setting next_dagrun for example_subdag_operator.section-2 to None, run_after=None
[2023-09-23T00:01:08.708+0000] {logging_mixin.py:149} INFO - [2023-09-23T00:01:08.708+0000] {dag.py:2726} INFO - Sync 2 DAGs
[2023-09-23T00:01:08.712+0000] {logging_mixin.py:149} INFO - [2023-09-23T00:01:08.712+0000] {dag.py:3490} INFO - Setting next_dagrun for example_subdag_operator.section-1 to None, run_after=None
[2023-09-23T00:01:08.712+0000] {logging_mixin.py:149} INFO - [2023-09-23T00:01:08.712+0000] {dag.py:3490} INFO - Setting next_dagrun for example_subdag_operator.section-2 to None, run_after=None
[2023-09-23T00:01:08.722+0000] {processor.py:179} INFO - Processing /home/airflow/.local/lib/python3.7/site-packages/airflow/example_dags/example_subdag_operator.py took 0.075 seconds
[2023-09-23T00:01:39.520+0000] {processor.py:157} INFO - Started process (PID=3137) to work on /home/airflow/.local/lib/python3.7/site-packages/airflow/example_dags/example_subdag_operator.py
[2023-09-23T00:01:39.521+0000] {processor.py:826} INFO - Processing file /home/airflow/.local/lib/python3.7/site-packages/airflow/example_dags/example_subdag_operator.py for tasks to queue
[2023-09-23T00:01:39.522+0000] {logging_mixin.py:149} INFO - [2023-09-23T00:01:39.522+0000] {dagbag.py:541} INFO - Filling up the DagBag from /home/airflow/.local/lib/python3.7/site-packages/airflow/example_dags/example_subdag_operator.py
[2023-09-23T00:01:39.543+0000] {processor.py:836} INFO - DAG(s) dict_keys(['example_subdag_operator.section-1', 'example_subdag_operator.section-2', 'example_subdag_operator']) retrieved from /home/airflow/.local/lib/python3.7/site-packages/airflow/example_dags/example_subdag_operator.py
[2023-09-23T00:01:39.559+0000] {logging_mixin.py:149} INFO - [2023-09-23T00:01:39.559+0000] {dag.py:2726} INFO - Sync 3 DAGs
[2023-09-23T00:01:39.577+0000] {logging_mixin.py:149} INFO - [2023-09-23T00:01:39.577+0000] {dag.py:3490} INFO - Setting next_dagrun for example_subdag_operator to 2022-01-01T00:00:00+00:00, run_after=2022-01-01T00:00:00+00:00
[2023-09-23T00:01:39.580+0000] {logging_mixin.py:149} INFO - [2023-09-23T00:01:39.579+0000] {dag.py:3490} INFO - Setting next_dagrun for example_subdag_operator.section-1 to None, run_after=None
[2023-09-23T00:01:39.581+0000] {logging_mixin.py:149} INFO - [2023-09-23T00:01:39.580+0000] {dag.py:3490} INFO - Setting next_dagrun for example_subdag_operator.section-2 to None, run_after=None
[2023-09-23T00:01:39.586+0000] {logging_mixin.py:149} INFO - [2023-09-23T00:01:39.585+0000] {dag.py:2726} INFO - Sync 2 DAGs
[2023-09-23T00:01:39.590+0000] {logging_mixin.py:149} INFO - [2023-09-23T00:01:39.590+0000] {dag.py:3490} INFO - Setting next_dagrun for example_subdag_operator.section-1 to None, run_after=None
[2023-09-23T00:01:39.591+0000] {logging_mixin.py:149} INFO - [2023-09-23T00:01:39.591+0000] {dag.py:3490} INFO - Setting next_dagrun for example_subdag_operator.section-2 to None, run_after=None
[2023-09-23T00:01:39.599+0000] {processor.py:179} INFO - Processing /home/airflow/.local/lib/python3.7/site-packages/airflow/example_dags/example_subdag_operator.py took 0.082 seconds
