[2023-09-23T00:00:08.123+0000] {processor.py:157} INFO - Started process (PID=2947) to work on /home/airflow/.local/lib/python3.7/site-packages/airflow/example_dags/example_xcomargs.py
[2023-09-23T00:00:08.123+0000] {processor.py:826} INFO - Processing file /home/airflow/.local/lib/python3.7/site-packages/airflow/example_dags/example_xcomargs.py for tasks to queue
[2023-09-23T00:00:08.123+0000] {logging_mixin.py:149} INFO - [2023-09-23T00:00:08.123+0000] {dagbag.py:541} INFO - Filling up the DagBag from /home/airflow/.local/lib/python3.7/site-packages/airflow/example_dags/example_xcomargs.py
[2023-09-23T00:00:08.129+0000] {processor.py:836} INFO - DAG(s) dict_keys(['example_xcom_args_with_operators', 'example_xcom_args']) retrieved from /home/airflow/.local/lib/python3.7/site-packages/airflow/example_dags/example_xcomargs.py
[2023-09-23T00:00:08.152+0000] {logging_mixin.py:149} INFO - [2023-09-23T00:00:08.151+0000] {dag.py:2726} INFO - Sync 2 DAGs
[2023-09-23T00:00:08.173+0000] {logging_mixin.py:149} INFO - [2023-09-23T00:00:08.173+0000] {dag.py:3490} INFO - Setting next_dagrun for example_xcom_args to None, run_after=None
[2023-09-23T00:00:08.176+0000] {logging_mixin.py:149} INFO - [2023-09-23T00:00:08.175+0000] {dag.py:3490} INFO - Setting next_dagrun for example_xcom_args_with_operators to None, run_after=None
[2023-09-23T00:00:08.189+0000] {processor.py:179} INFO - Processing /home/airflow/.local/lib/python3.7/site-packages/airflow/example_dags/example_xcomargs.py took 0.069 seconds
[2023-09-23T00:00:38.620+0000] {processor.py:157} INFO - Started process (PID=3011) to work on /home/airflow/.local/lib/python3.7/site-packages/airflow/example_dags/example_xcomargs.py
[2023-09-23T00:00:38.621+0000] {processor.py:826} INFO - Processing file /home/airflow/.local/lib/python3.7/site-packages/airflow/example_dags/example_xcomargs.py for tasks to queue
[2023-09-23T00:00:38.621+0000] {logging_mixin.py:149} INFO - [2023-09-23T00:00:38.621+0000] {dagbag.py:541} INFO - Filling up the DagBag from /home/airflow/.local/lib/python3.7/site-packages/airflow/example_dags/example_xcomargs.py
[2023-09-23T00:00:38.628+0000] {processor.py:836} INFO - DAG(s) dict_keys(['example_xcom_args', 'example_xcom_args_with_operators']) retrieved from /home/airflow/.local/lib/python3.7/site-packages/airflow/example_dags/example_xcomargs.py
[2023-09-23T00:00:38.653+0000] {logging_mixin.py:149} INFO - [2023-09-23T00:00:38.653+0000] {dag.py:2726} INFO - Sync 2 DAGs
[2023-09-23T00:00:38.677+0000] {logging_mixin.py:149} INFO - [2023-09-23T00:00:38.677+0000] {dag.py:3490} INFO - Setting next_dagrun for example_xcom_args to None, run_after=None
[2023-09-23T00:00:38.680+0000] {logging_mixin.py:149} INFO - [2023-09-23T00:00:38.679+0000] {dag.py:3490} INFO - Setting next_dagrun for example_xcom_args_with_operators to None, run_after=None
[2023-09-23T00:00:38.694+0000] {processor.py:179} INFO - Processing /home/airflow/.local/lib/python3.7/site-packages/airflow/example_dags/example_xcomargs.py took 0.077 seconds
[2023-09-23T00:01:08.737+0000] {processor.py:157} INFO - Started process (PID=3075) to work on /home/airflow/.local/lib/python3.7/site-packages/airflow/example_dags/example_xcomargs.py
[2023-09-23T00:01:08.738+0000] {processor.py:826} INFO - Processing file /home/airflow/.local/lib/python3.7/site-packages/airflow/example_dags/example_xcomargs.py for tasks to queue
[2023-09-23T00:01:08.739+0000] {logging_mixin.py:149} INFO - [2023-09-23T00:01:08.739+0000] {dagbag.py:541} INFO - Filling up the DagBag from /home/airflow/.local/lib/python3.7/site-packages/airflow/example_dags/example_xcomargs.py
[2023-09-23T00:01:08.744+0000] {processor.py:836} INFO - DAG(s) dict_keys(['example_xcom_args', 'example_xcom_args_with_operators']) retrieved from /home/airflow/.local/lib/python3.7/site-packages/airflow/example_dags/example_xcomargs.py
[2023-09-23T00:01:08.766+0000] {logging_mixin.py:149} INFO - [2023-09-23T00:01:08.765+0000] {dag.py:2726} INFO - Sync 2 DAGs
[2023-09-23T00:01:08.786+0000] {logging_mixin.py:149} INFO - [2023-09-23T00:01:08.786+0000] {dag.py:3490} INFO - Setting next_dagrun for example_xcom_args to None, run_after=None
[2023-09-23T00:01:08.788+0000] {logging_mixin.py:149} INFO - [2023-09-23T00:01:08.788+0000] {dag.py:3490} INFO - Setting next_dagrun for example_xcom_args_with_operators to None, run_after=None
[2023-09-23T00:01:08.802+0000] {processor.py:179} INFO - Processing /home/airflow/.local/lib/python3.7/site-packages/airflow/example_dags/example_xcomargs.py took 0.067 seconds
[2023-09-23T00:01:39.617+0000] {processor.py:157} INFO - Started process (PID=3139) to work on /home/airflow/.local/lib/python3.7/site-packages/airflow/example_dags/example_xcomargs.py
[2023-09-23T00:01:39.618+0000] {processor.py:826} INFO - Processing file /home/airflow/.local/lib/python3.7/site-packages/airflow/example_dags/example_xcomargs.py for tasks to queue
[2023-09-23T00:01:39.618+0000] {logging_mixin.py:149} INFO - [2023-09-23T00:01:39.618+0000] {dagbag.py:541} INFO - Filling up the DagBag from /home/airflow/.local/lib/python3.7/site-packages/airflow/example_dags/example_xcomargs.py
[2023-09-23T00:01:39.624+0000] {processor.py:836} INFO - DAG(s) dict_keys(['example_xcom_args_with_operators', 'example_xcom_args']) retrieved from /home/airflow/.local/lib/python3.7/site-packages/airflow/example_dags/example_xcomargs.py
[2023-09-23T00:01:39.646+0000] {logging_mixin.py:149} INFO - [2023-09-23T00:01:39.646+0000] {dag.py:2726} INFO - Sync 2 DAGs
[2023-09-23T00:01:39.667+0000] {logging_mixin.py:149} INFO - [2023-09-23T00:01:39.667+0000] {dag.py:3490} INFO - Setting next_dagrun for example_xcom_args to None, run_after=None
[2023-09-23T00:01:39.670+0000] {logging_mixin.py:149} INFO - [2023-09-23T00:01:39.670+0000] {dag.py:3490} INFO - Setting next_dagrun for example_xcom_args_with_operators to None, run_after=None
[2023-09-23T00:01:39.686+0000] {processor.py:179} INFO - Processing /home/airflow/.local/lib/python3.7/site-packages/airflow/example_dags/example_xcomargs.py took 0.071 seconds
