[2023-09-23T00:00:04.573+0000] {processor.py:157} INFO - Started process (PID=2932) to work on /home/airflow/.local/lib/python3.7/site-packages/airflow/example_dags/example_sla_dag.py
[2023-09-23T00:00:04.573+0000] {processor.py:826} INFO - Processing file /home/airflow/.local/lib/python3.7/site-packages/airflow/example_dags/example_sla_dag.py for tasks to queue
[2023-09-23T00:00:04.574+0000] {logging_mixin.py:149} INFO - [2023-09-23T00:00:04.574+0000] {dagbag.py:541} INFO - Filling up the DagBag from /home/airflow/.local/lib/python3.7/site-packages/airflow/example_dags/example_sla_dag.py
[2023-09-23T00:00:04.580+0000] {processor.py:836} INFO - DAG(s) dict_keys(['example_sla_dag']) retrieved from /home/airflow/.local/lib/python3.7/site-packages/airflow/example_dags/example_sla_dag.py
[2023-09-23T00:00:04.598+0000] {logging_mixin.py:149} INFO - [2023-09-23T00:00:04.597+0000] {dag.py:2726} INFO - Sync 1 DAGs
[2023-09-23T00:00:04.620+0000] {logging_mixin.py:149} INFO - [2023-09-23T00:00:04.619+0000] {dag.py:3490} INFO - Setting next_dagrun for example_sla_dag to 2023-09-22T23:58:00+00:00, run_after=2023-09-23T00:00:00+00:00
[2023-09-23T00:00:04.634+0000] {processor.py:179} INFO - Processing /home/airflow/.local/lib/python3.7/site-packages/airflow/example_dags/example_sla_dag.py took 0.064 seconds
[2023-09-23T00:00:34.762+0000] {processor.py:157} INFO - Started process (PID=2996) to work on /home/airflow/.local/lib/python3.7/site-packages/airflow/example_dags/example_sla_dag.py
[2023-09-23T00:00:34.762+0000] {processor.py:826} INFO - Processing file /home/airflow/.local/lib/python3.7/site-packages/airflow/example_dags/example_sla_dag.py for tasks to queue
[2023-09-23T00:00:34.763+0000] {logging_mixin.py:149} INFO - [2023-09-23T00:00:34.763+0000] {dagbag.py:541} INFO - Filling up the DagBag from /home/airflow/.local/lib/python3.7/site-packages/airflow/example_dags/example_sla_dag.py
[2023-09-23T00:00:34.769+0000] {processor.py:836} INFO - DAG(s) dict_keys(['example_sla_dag']) retrieved from /home/airflow/.local/lib/python3.7/site-packages/airflow/example_dags/example_sla_dag.py
[2023-09-23T00:00:34.786+0000] {logging_mixin.py:149} INFO - [2023-09-23T00:00:34.786+0000] {dag.py:2726} INFO - Sync 1 DAGs
[2023-09-23T00:00:34.807+0000] {logging_mixin.py:149} INFO - [2023-09-23T00:00:34.807+0000] {dag.py:3490} INFO - Setting next_dagrun for example_sla_dag to 2023-09-22T23:58:00+00:00, run_after=2023-09-23T00:00:00+00:00
[2023-09-23T00:00:34.822+0000] {processor.py:179} INFO - Processing /home/airflow/.local/lib/python3.7/site-packages/airflow/example_dags/example_sla_dag.py took 0.063 seconds
[2023-09-23T00:01:04.975+0000] {processor.py:157} INFO - Started process (PID=3060) to work on /home/airflow/.local/lib/python3.7/site-packages/airflow/example_dags/example_sla_dag.py
[2023-09-23T00:01:04.976+0000] {processor.py:826} INFO - Processing file /home/airflow/.local/lib/python3.7/site-packages/airflow/example_dags/example_sla_dag.py for tasks to queue
[2023-09-23T00:01:04.976+0000] {logging_mixin.py:149} INFO - [2023-09-23T00:01:04.976+0000] {dagbag.py:541} INFO - Filling up the DagBag from /home/airflow/.local/lib/python3.7/site-packages/airflow/example_dags/example_sla_dag.py
[2023-09-23T00:01:04.983+0000] {processor.py:836} INFO - DAG(s) dict_keys(['example_sla_dag']) retrieved from /home/airflow/.local/lib/python3.7/site-packages/airflow/example_dags/example_sla_dag.py
[2023-09-23T00:01:05.002+0000] {logging_mixin.py:149} INFO - [2023-09-23T00:01:05.002+0000] {dag.py:2726} INFO - Sync 1 DAGs
[2023-09-23T00:01:05.023+0000] {logging_mixin.py:149} INFO - [2023-09-23T00:01:05.023+0000] {dag.py:3490} INFO - Setting next_dagrun for example_sla_dag to 2023-09-22T23:58:00+00:00, run_after=2023-09-23T00:00:00+00:00
[2023-09-23T00:01:05.037+0000] {processor.py:179} INFO - Processing /home/airflow/.local/lib/python3.7/site-packages/airflow/example_dags/example_sla_dag.py took 0.065 seconds
[2023-09-23T00:01:36.008+0000] {processor.py:157} INFO - Started process (PID=3124) to work on /home/airflow/.local/lib/python3.7/site-packages/airflow/example_dags/example_sla_dag.py
[2023-09-23T00:01:36.009+0000] {processor.py:826} INFO - Processing file /home/airflow/.local/lib/python3.7/site-packages/airflow/example_dags/example_sla_dag.py for tasks to queue
[2023-09-23T00:01:36.009+0000] {logging_mixin.py:149} INFO - [2023-09-23T00:01:36.009+0000] {dagbag.py:541} INFO - Filling up the DagBag from /home/airflow/.local/lib/python3.7/site-packages/airflow/example_dags/example_sla_dag.py
[2023-09-23T00:01:36.015+0000] {processor.py:836} INFO - DAG(s) dict_keys(['example_sla_dag']) retrieved from /home/airflow/.local/lib/python3.7/site-packages/airflow/example_dags/example_sla_dag.py
[2023-09-23T00:01:36.032+0000] {logging_mixin.py:149} INFO - [2023-09-23T00:01:36.032+0000] {dag.py:2726} INFO - Sync 1 DAGs
[2023-09-23T00:01:36.053+0000] {logging_mixin.py:149} INFO - [2023-09-23T00:01:36.053+0000] {dag.py:3490} INFO - Setting next_dagrun for example_sla_dag to 2023-09-22T23:58:00+00:00, run_after=2023-09-23T00:00:00+00:00
[2023-09-23T00:01:36.067+0000] {processor.py:179} INFO - Processing /home/airflow/.local/lib/python3.7/site-packages/airflow/example_dags/example_sla_dag.py took 0.061 seconds
