[2023-09-23T00:00:19.374+0000] {processor.py:157} INFO - Started process (PID=2962) to work on /home/airflow/.local/lib/python3.7/site-packages/airflow/example_dags/example_sensor_decorator.py
[2023-09-23T00:00:19.374+0000] {processor.py:826} INFO - Processing file /home/airflow/.local/lib/python3.7/site-packages/airflow/example_dags/example_sensor_decorator.py for tasks to queue
[2023-09-23T00:00:19.375+0000] {logging_mixin.py:149} INFO - [2023-09-23T00:00:19.375+0000] {dagbag.py:541} INFO - Filling up the DagBag from /home/airflow/.local/lib/python3.7/site-packages/airflow/example_dags/example_sensor_decorator.py
[2023-09-23T00:00:19.379+0000] {processor.py:836} INFO - DAG(s) dict_keys(['example_sensor_decorator']) retrieved from /home/airflow/.local/lib/python3.7/site-packages/airflow/example_dags/example_sensor_decorator.py
[2023-09-23T00:00:19.398+0000] {logging_mixin.py:149} INFO - [2023-09-23T00:00:19.398+0000] {dag.py:2726} INFO - Sync 1 DAGs
[2023-09-23T00:00:19.417+0000] {logging_mixin.py:149} INFO - [2023-09-23T00:00:19.417+0000] {dag.py:3490} INFO - Setting next_dagrun for example_sensor_decorator to None, run_after=None
[2023-09-23T00:00:19.431+0000] {processor.py:179} INFO - Processing /home/airflow/.local/lib/python3.7/site-packages/airflow/example_dags/example_sensor_decorator.py took 0.060 seconds
[2023-09-23T00:00:49.888+0000] {processor.py:157} INFO - Started process (PID=3026) to work on /home/airflow/.local/lib/python3.7/site-packages/airflow/example_dags/example_sensor_decorator.py
[2023-09-23T00:00:49.888+0000] {processor.py:826} INFO - Processing file /home/airflow/.local/lib/python3.7/site-packages/airflow/example_dags/example_sensor_decorator.py for tasks to queue
[2023-09-23T00:00:49.888+0000] {logging_mixin.py:149} INFO - [2023-09-23T00:00:49.888+0000] {dagbag.py:541} INFO - Filling up the DagBag from /home/airflow/.local/lib/python3.7/site-packages/airflow/example_dags/example_sensor_decorator.py
[2023-09-23T00:00:49.893+0000] {processor.py:836} INFO - DAG(s) dict_keys(['example_sensor_decorator']) retrieved from /home/airflow/.local/lib/python3.7/site-packages/airflow/example_dags/example_sensor_decorator.py
[2023-09-23T00:00:49.911+0000] {logging_mixin.py:149} INFO - [2023-09-23T00:00:49.911+0000] {dag.py:2726} INFO - Sync 1 DAGs
[2023-09-23T00:00:49.933+0000] {logging_mixin.py:149} INFO - [2023-09-23T00:00:49.933+0000] {dag.py:3490} INFO - Setting next_dagrun for example_sensor_decorator to None, run_after=None
[2023-09-23T00:00:49.946+0000] {processor.py:179} INFO - Processing /home/airflow/.local/lib/python3.7/site-packages/airflow/example_dags/example_sensor_decorator.py took 0.061 seconds
[2023-09-23T00:01:19.981+0000] {processor.py:157} INFO - Started process (PID=3090) to work on /home/airflow/.local/lib/python3.7/site-packages/airflow/example_dags/example_sensor_decorator.py
[2023-09-23T00:01:19.982+0000] {processor.py:826} INFO - Processing file /home/airflow/.local/lib/python3.7/site-packages/airflow/example_dags/example_sensor_decorator.py for tasks to queue
[2023-09-23T00:01:19.983+0000] {logging_mixin.py:149} INFO - [2023-09-23T00:01:19.983+0000] {dagbag.py:541} INFO - Filling up the DagBag from /home/airflow/.local/lib/python3.7/site-packages/airflow/example_dags/example_sensor_decorator.py
[2023-09-23T00:01:19.987+0000] {processor.py:836} INFO - DAG(s) dict_keys(['example_sensor_decorator']) retrieved from /home/airflow/.local/lib/python3.7/site-packages/airflow/example_dags/example_sensor_decorator.py
[2023-09-23T00:01:20.007+0000] {logging_mixin.py:149} INFO - [2023-09-23T00:01:20.007+0000] {dag.py:2726} INFO - Sync 1 DAGs
[2023-09-23T00:01:20.025+0000] {logging_mixin.py:149} INFO - [2023-09-23T00:01:20.025+0000] {dag.py:3490} INFO - Setting next_dagrun for example_sensor_decorator to None, run_after=None
[2023-09-23T00:01:20.040+0000] {processor.py:179} INFO - Processing /home/airflow/.local/lib/python3.7/site-packages/airflow/example_dags/example_sensor_decorator.py took 0.061 seconds
[2023-09-23T00:01:50.881+0000] {processor.py:157} INFO - Started process (PID=3155) to work on /home/airflow/.local/lib/python3.7/site-packages/airflow/example_dags/example_sensor_decorator.py
[2023-09-23T00:01:50.881+0000] {processor.py:826} INFO - Processing file /home/airflow/.local/lib/python3.7/site-packages/airflow/example_dags/example_sensor_decorator.py for tasks to queue
[2023-09-23T00:01:50.882+0000] {logging_mixin.py:149} INFO - [2023-09-23T00:01:50.882+0000] {dagbag.py:541} INFO - Filling up the DagBag from /home/airflow/.local/lib/python3.7/site-packages/airflow/example_dags/example_sensor_decorator.py
[2023-09-23T00:01:50.886+0000] {processor.py:836} INFO - DAG(s) dict_keys(['example_sensor_decorator']) retrieved from /home/airflow/.local/lib/python3.7/site-packages/airflow/example_dags/example_sensor_decorator.py
[2023-09-23T00:01:50.904+0000] {logging_mixin.py:149} INFO - [2023-09-23T00:01:50.904+0000] {dag.py:2726} INFO - Sync 1 DAGs
[2023-09-23T00:01:50.924+0000] {logging_mixin.py:149} INFO - [2023-09-23T00:01:50.923+0000] {dag.py:3490} INFO - Setting next_dagrun for example_sensor_decorator to None, run_after=None
[2023-09-23T00:01:50.938+0000] {processor.py:179} INFO - Processing /home/airflow/.local/lib/python3.7/site-packages/airflow/example_dags/example_sensor_decorator.py took 0.060 seconds
