[2023-09-23T00:00:04.601+0000] {processor.py:157} INFO - Started process (PID=2933) to work on /home/airflow/.local/lib/python3.7/site-packages/airflow/example_dags/example_branch_operator.py
[2023-09-23T00:00:04.601+0000] {processor.py:826} INFO - Processing file /home/airflow/.local/lib/python3.7/site-packages/airflow/example_dags/example_branch_operator.py for tasks to queue
[2023-09-23T00:00:04.602+0000] {logging_mixin.py:149} INFO - [2023-09-23T00:00:04.602+0000] {dagbag.py:541} INFO - Filling up the DagBag from /home/airflow/.local/lib/python3.7/site-packages/airflow/example_dags/example_branch_operator.py
[2023-09-23T00:00:04.609+0000] {processor.py:836} INFO - DAG(s) dict_keys(['example_branch_operator']) retrieved from /home/airflow/.local/lib/python3.7/site-packages/airflow/example_dags/example_branch_operator.py
[2023-09-23T00:00:04.631+0000] {logging_mixin.py:149} INFO - [2023-09-23T00:00:04.631+0000] {dag.py:2726} INFO - Sync 1 DAGs
[2023-09-23T00:00:04.651+0000] {logging_mixin.py:149} INFO - [2023-09-23T00:00:04.651+0000] {dag.py:3490} INFO - Setting next_dagrun for example_branch_operator to 2023-09-22T00:00:00+00:00, run_after=2023-09-23T00:00:00+00:00
[2023-09-23T00:00:04.665+0000] {processor.py:179} INFO - Processing /home/airflow/.local/lib/python3.7/site-packages/airflow/example_dags/example_branch_operator.py took 0.067 seconds
[2023-09-23T00:00:34.784+0000] {processor.py:157} INFO - Started process (PID=2997) to work on /home/airflow/.local/lib/python3.7/site-packages/airflow/example_dags/example_branch_operator.py
[2023-09-23T00:00:34.784+0000] {processor.py:826} INFO - Processing file /home/airflow/.local/lib/python3.7/site-packages/airflow/example_dags/example_branch_operator.py for tasks to queue
[2023-09-23T00:00:34.785+0000] {logging_mixin.py:149} INFO - [2023-09-23T00:00:34.785+0000] {dagbag.py:541} INFO - Filling up the DagBag from /home/airflow/.local/lib/python3.7/site-packages/airflow/example_dags/example_branch_operator.py
[2023-09-23T00:00:34.792+0000] {processor.py:836} INFO - DAG(s) dict_keys(['example_branch_operator']) retrieved from /home/airflow/.local/lib/python3.7/site-packages/airflow/example_dags/example_branch_operator.py
[2023-09-23T00:00:34.813+0000] {logging_mixin.py:149} INFO - [2023-09-23T00:00:34.813+0000] {dag.py:2726} INFO - Sync 1 DAGs
[2023-09-23T00:00:34.833+0000] {logging_mixin.py:149} INFO - [2023-09-23T00:00:34.833+0000] {dag.py:3490} INFO - Setting next_dagrun for example_branch_operator to 2023-09-22T00:00:00+00:00, run_after=2023-09-23T00:00:00+00:00
[2023-09-23T00:00:34.849+0000] {processor.py:179} INFO - Processing /home/airflow/.local/lib/python3.7/site-packages/airflow/example_dags/example_branch_operator.py took 0.067 seconds
[2023-09-23T00:01:04.999+0000] {processor.py:157} INFO - Started process (PID=3061) to work on /home/airflow/.local/lib/python3.7/site-packages/airflow/example_dags/example_branch_operator.py
[2023-09-23T00:01:05.000+0000] {processor.py:826} INFO - Processing file /home/airflow/.local/lib/python3.7/site-packages/airflow/example_dags/example_branch_operator.py for tasks to queue
[2023-09-23T00:01:05.001+0000] {logging_mixin.py:149} INFO - [2023-09-23T00:01:05.000+0000] {dagbag.py:541} INFO - Filling up the DagBag from /home/airflow/.local/lib/python3.7/site-packages/airflow/example_dags/example_branch_operator.py
[2023-09-23T00:01:05.008+0000] {processor.py:836} INFO - DAG(s) dict_keys(['example_branch_operator']) retrieved from /home/airflow/.local/lib/python3.7/site-packages/airflow/example_dags/example_branch_operator.py
[2023-09-23T00:01:05.028+0000] {logging_mixin.py:149} INFO - [2023-09-23T00:01:05.027+0000] {dag.py:2726} INFO - Sync 1 DAGs
[2023-09-23T00:01:05.047+0000] {logging_mixin.py:149} INFO - [2023-09-23T00:01:05.047+0000] {dag.py:3490} INFO - Setting next_dagrun for example_branch_operator to 2023-09-22T00:00:00+00:00, run_after=2023-09-23T00:00:00+00:00
[2023-09-23T00:01:05.063+0000] {processor.py:179} INFO - Processing /home/airflow/.local/lib/python3.7/site-packages/airflow/example_dags/example_branch_operator.py took 0.066 seconds
[2023-09-23T00:01:36.023+0000] {processor.py:157} INFO - Started process (PID=3125) to work on /home/airflow/.local/lib/python3.7/site-packages/airflow/example_dags/example_branch_operator.py
[2023-09-23T00:01:36.024+0000] {processor.py:826} INFO - Processing file /home/airflow/.local/lib/python3.7/site-packages/airflow/example_dags/example_branch_operator.py for tasks to queue
[2023-09-23T00:01:36.024+0000] {logging_mixin.py:149} INFO - [2023-09-23T00:01:36.024+0000] {dagbag.py:541} INFO - Filling up the DagBag from /home/airflow/.local/lib/python3.7/site-packages/airflow/example_dags/example_branch_operator.py
[2023-09-23T00:01:36.031+0000] {processor.py:836} INFO - DAG(s) dict_keys(['example_branch_operator']) retrieved from /home/airflow/.local/lib/python3.7/site-packages/airflow/example_dags/example_branch_operator.py
[2023-09-23T00:01:36.050+0000] {logging_mixin.py:149} INFO - [2023-09-23T00:01:36.050+0000] {dag.py:2726} INFO - Sync 1 DAGs
[2023-09-23T00:01:36.071+0000] {logging_mixin.py:149} INFO - [2023-09-23T00:01:36.071+0000] {dag.py:3490} INFO - Setting next_dagrun for example_branch_operator to 2023-09-22T00:00:00+00:00, run_after=2023-09-23T00:00:00+00:00
[2023-09-23T00:01:36.087+0000] {processor.py:179} INFO - Processing /home/airflow/.local/lib/python3.7/site-packages/airflow/example_dags/example_branch_operator.py took 0.066 seconds
