[2023-09-23T00:00:04.521+0000] {processor.py:157} INFO - Started process (PID=2931) to work on /home/airflow/.local/lib/python3.7/site-packages/airflow/example_dags/example_python_operator.py
[2023-09-23T00:00:04.522+0000] {processor.py:826} INFO - Processing file /home/airflow/.local/lib/python3.7/site-packages/airflow/example_dags/example_python_operator.py for tasks to queue
[2023-09-23T00:00:04.522+0000] {logging_mixin.py:149} INFO - [2023-09-23T00:00:04.522+0000] {dagbag.py:541} INFO - Filling up the DagBag from /home/airflow/.local/lib/python3.7/site-packages/airflow/example_dags/example_python_operator.py
[2023-09-23T00:00:04.527+0000] {logging_mixin.py:149} INFO - [2023-09-23T00:00:04.527+0000] {taskmixin.py:211} WARNING - Dependency <Task(_PythonDecoratedOperator): print_the_context>, log_sql_query already registered for DAG: example_python_operator
[2023-09-23T00:00:04.528+0000] {logging_mixin.py:149} INFO - [2023-09-23T00:00:04.528+0000] {taskmixin.py:211} WARNING - Dependency <Task(_PythonDecoratedOperator): log_sql_query>, print_the_context already registered for DAG: example_python_operator
[2023-09-23T00:00:04.528+0000] {logging_mixin.py:149} INFO - [2023-09-23T00:00:04.528+0000] {taskmixin.py:211} WARNING - Dependency <Task(_PythonDecoratedOperator): print_the_context>, log_sql_query already registered for DAG: example_python_operator
[2023-09-23T00:00:04.528+0000] {logging_mixin.py:149} INFO - [2023-09-23T00:00:04.528+0000] {taskmixin.py:211} WARNING - Dependency <Task(_PythonDecoratedOperator): log_sql_query>, print_the_context already registered for DAG: example_python_operator
[2023-09-23T00:00:04.529+0000] {logging_mixin.py:149} INFO - [2023-09-23T00:00:04.529+0000] {taskmixin.py:211} WARNING - Dependency <Task(_PythonDecoratedOperator): print_the_context>, log_sql_query already registered for DAG: example_python_operator
[2023-09-23T00:00:04.529+0000] {logging_mixin.py:149} INFO - [2023-09-23T00:00:04.529+0000] {taskmixin.py:211} WARNING - Dependency <Task(_PythonDecoratedOperator): log_sql_query>, print_the_context already registered for DAG: example_python_operator
[2023-09-23T00:00:04.529+0000] {logging_mixin.py:149} INFO - [2023-09-23T00:00:04.529+0000] {taskmixin.py:211} WARNING - Dependency <Task(_PythonDecoratedOperator): print_the_context>, log_sql_query already registered for DAG: example_python_operator
[2023-09-23T00:00:04.529+0000] {logging_mixin.py:149} INFO - [2023-09-23T00:00:04.529+0000] {taskmixin.py:211} WARNING - Dependency <Task(_PythonDecoratedOperator): log_sql_query>, print_the_context already registered for DAG: example_python_operator
[2023-09-23T00:00:04.531+0000] {processor.py:836} INFO - DAG(s) dict_keys(['example_python_operator']) retrieved from /home/airflow/.local/lib/python3.7/site-packages/airflow/example_dags/example_python_operator.py
[2023-09-23T00:00:04.552+0000] {logging_mixin.py:149} INFO - [2023-09-23T00:00:04.552+0000] {dag.py:2726} INFO - Sync 1 DAGs
[2023-09-23T00:00:04.571+0000] {logging_mixin.py:149} INFO - [2023-09-23T00:00:04.571+0000] {dag.py:3490} INFO - Setting next_dagrun for example_python_operator to None, run_after=None
[2023-09-23T00:00:04.585+0000] {processor.py:179} INFO - Processing /home/airflow/.local/lib/python3.7/site-packages/airflow/example_dags/example_python_operator.py took 0.066 seconds
[2023-09-23T00:00:34.702+0000] {processor.py:157} INFO - Started process (PID=2995) to work on /home/airflow/.local/lib/python3.7/site-packages/airflow/example_dags/example_python_operator.py
[2023-09-23T00:00:34.703+0000] {processor.py:826} INFO - Processing file /home/airflow/.local/lib/python3.7/site-packages/airflow/example_dags/example_python_operator.py for tasks to queue
[2023-09-23T00:00:34.703+0000] {logging_mixin.py:149} INFO - [2023-09-23T00:00:34.703+0000] {dagbag.py:541} INFO - Filling up the DagBag from /home/airflow/.local/lib/python3.7/site-packages/airflow/example_dags/example_python_operator.py
[2023-09-23T00:00:34.708+0000] {logging_mixin.py:149} INFO - [2023-09-23T00:00:34.708+0000] {taskmixin.py:211} WARNING - Dependency <Task(_PythonDecoratedOperator): print_the_context>, log_sql_query already registered for DAG: example_python_operator
[2023-09-23T00:00:34.708+0000] {logging_mixin.py:149} INFO - [2023-09-23T00:00:34.708+0000] {taskmixin.py:211} WARNING - Dependency <Task(_PythonDecoratedOperator): log_sql_query>, print_the_context already registered for DAG: example_python_operator
[2023-09-23T00:00:34.708+0000] {logging_mixin.py:149} INFO - [2023-09-23T00:00:34.708+0000] {taskmixin.py:211} WARNING - Dependency <Task(_PythonDecoratedOperator): print_the_context>, log_sql_query already registered for DAG: example_python_operator
[2023-09-23T00:00:34.709+0000] {logging_mixin.py:149} INFO - [2023-09-23T00:00:34.708+0000] {taskmixin.py:211} WARNING - Dependency <Task(_PythonDecoratedOperator): log_sql_query>, print_the_context already registered for DAG: example_python_operator
[2023-09-23T00:00:34.709+0000] {logging_mixin.py:149} INFO - [2023-09-23T00:00:34.709+0000] {taskmixin.py:211} WARNING - Dependency <Task(_PythonDecoratedOperator): print_the_context>, log_sql_query already registered for DAG: example_python_operator
[2023-09-23T00:00:34.709+0000] {logging_mixin.py:149} INFO - [2023-09-23T00:00:34.709+0000] {taskmixin.py:211} WARNING - Dependency <Task(_PythonDecoratedOperator): log_sql_query>, print_the_context already registered for DAG: example_python_operator
[2023-09-23T00:00:34.710+0000] {logging_mixin.py:149} INFO - [2023-09-23T00:00:34.709+0000] {taskmixin.py:211} WARNING - Dependency <Task(_PythonDecoratedOperator): print_the_context>, log_sql_query already registered for DAG: example_python_operator
[2023-09-23T00:00:34.710+0000] {logging_mixin.py:149} INFO - [2023-09-23T00:00:34.710+0000] {taskmixin.py:211} WARNING - Dependency <Task(_PythonDecoratedOperator): log_sql_query>, print_the_context already registered for DAG: example_python_operator
[2023-09-23T00:00:34.712+0000] {processor.py:836} INFO - DAG(s) dict_keys(['example_python_operator']) retrieved from /home/airflow/.local/lib/python3.7/site-packages/airflow/example_dags/example_python_operator.py
[2023-09-23T00:00:34.732+0000] {logging_mixin.py:149} INFO - [2023-09-23T00:00:34.732+0000] {dag.py:2726} INFO - Sync 1 DAGs
[2023-09-23T00:00:34.753+0000] {logging_mixin.py:149} INFO - [2023-09-23T00:00:34.753+0000] {dag.py:3490} INFO - Setting next_dagrun for example_python_operator to None, run_after=None
[2023-09-23T00:00:34.768+0000] {processor.py:179} INFO - Processing /home/airflow/.local/lib/python3.7/site-packages/airflow/example_dags/example_python_operator.py took 0.068 seconds
[2023-09-23T00:01:04.914+0000] {processor.py:157} INFO - Started process (PID=3059) to work on /home/airflow/.local/lib/python3.7/site-packages/airflow/example_dags/example_python_operator.py
[2023-09-23T00:01:04.916+0000] {processor.py:826} INFO - Processing file /home/airflow/.local/lib/python3.7/site-packages/airflow/example_dags/example_python_operator.py for tasks to queue
[2023-09-23T00:01:04.916+0000] {logging_mixin.py:149} INFO - [2023-09-23T00:01:04.916+0000] {dagbag.py:541} INFO - Filling up the DagBag from /home/airflow/.local/lib/python3.7/site-packages/airflow/example_dags/example_python_operator.py
[2023-09-23T00:01:04.922+0000] {logging_mixin.py:149} INFO - [2023-09-23T00:01:04.922+0000] {taskmixin.py:211} WARNING - Dependency <Task(_PythonDecoratedOperator): print_the_context>, log_sql_query already registered for DAG: example_python_operator
[2023-09-23T00:01:04.922+0000] {logging_mixin.py:149} INFO - [2023-09-23T00:01:04.922+0000] {taskmixin.py:211} WARNING - Dependency <Task(_PythonDecoratedOperator): log_sql_query>, print_the_context already registered for DAG: example_python_operator
[2023-09-23T00:01:04.922+0000] {logging_mixin.py:149} INFO - [2023-09-23T00:01:04.922+0000] {taskmixin.py:211} WARNING - Dependency <Task(_PythonDecoratedOperator): print_the_context>, log_sql_query already registered for DAG: example_python_operator
[2023-09-23T00:01:04.922+0000] {logging_mixin.py:149} INFO - [2023-09-23T00:01:04.922+0000] {taskmixin.py:211} WARNING - Dependency <Task(_PythonDecoratedOperator): log_sql_query>, print_the_context already registered for DAG: example_python_operator
[2023-09-23T00:01:04.923+0000] {logging_mixin.py:149} INFO - [2023-09-23T00:01:04.923+0000] {taskmixin.py:211} WARNING - Dependency <Task(_PythonDecoratedOperator): print_the_context>, log_sql_query already registered for DAG: example_python_operator
[2023-09-23T00:01:04.923+0000] {logging_mixin.py:149} INFO - [2023-09-23T00:01:04.923+0000] {taskmixin.py:211} WARNING - Dependency <Task(_PythonDecoratedOperator): log_sql_query>, print_the_context already registered for DAG: example_python_operator
[2023-09-23T00:01:04.923+0000] {logging_mixin.py:149} INFO - [2023-09-23T00:01:04.923+0000] {taskmixin.py:211} WARNING - Dependency <Task(_PythonDecoratedOperator): print_the_context>, log_sql_query already registered for DAG: example_python_operator
[2023-09-23T00:01:04.923+0000] {logging_mixin.py:149} INFO - [2023-09-23T00:01:04.923+0000] {taskmixin.py:211} WARNING - Dependency <Task(_PythonDecoratedOperator): log_sql_query>, print_the_context already registered for DAG: example_python_operator
[2023-09-23T00:01:04.925+0000] {processor.py:836} INFO - DAG(s) dict_keys(['example_python_operator']) retrieved from /home/airflow/.local/lib/python3.7/site-packages/airflow/example_dags/example_python_operator.py
[2023-09-23T00:01:04.947+0000] {logging_mixin.py:149} INFO - [2023-09-23T00:01:04.947+0000] {dag.py:2726} INFO - Sync 1 DAGs
[2023-09-23T00:01:04.966+0000] {logging_mixin.py:149} INFO - [2023-09-23T00:01:04.966+0000] {dag.py:3490} INFO - Setting next_dagrun for example_python_operator to None, run_after=None
[2023-09-23T00:01:04.981+0000] {processor.py:179} INFO - Processing /home/airflow/.local/lib/python3.7/site-packages/airflow/example_dags/example_python_operator.py took 0.069 seconds
[2023-09-23T00:01:35.929+0000] {processor.py:157} INFO - Started process (PID=3123) to work on /home/airflow/.local/lib/python3.7/site-packages/airflow/example_dags/example_python_operator.py
[2023-09-23T00:01:35.930+0000] {processor.py:826} INFO - Processing file /home/airflow/.local/lib/python3.7/site-packages/airflow/example_dags/example_python_operator.py for tasks to queue
[2023-09-23T00:01:35.930+0000] {logging_mixin.py:149} INFO - [2023-09-23T00:01:35.930+0000] {dagbag.py:541} INFO - Filling up the DagBag from /home/airflow/.local/lib/python3.7/site-packages/airflow/example_dags/example_python_operator.py
[2023-09-23T00:01:35.935+0000] {logging_mixin.py:149} INFO - [2023-09-23T00:01:35.935+0000] {taskmixin.py:211} WARNING - Dependency <Task(_PythonDecoratedOperator): print_the_context>, log_sql_query already registered for DAG: example_python_operator
[2023-09-23T00:01:35.935+0000] {logging_mixin.py:149} INFO - [2023-09-23T00:01:35.935+0000] {taskmixin.py:211} WARNING - Dependency <Task(_PythonDecoratedOperator): log_sql_query>, print_the_context already registered for DAG: example_python_operator
[2023-09-23T00:01:35.936+0000] {logging_mixin.py:149} INFO - [2023-09-23T00:01:35.936+0000] {taskmixin.py:211} WARNING - Dependency <Task(_PythonDecoratedOperator): print_the_context>, log_sql_query already registered for DAG: example_python_operator
[2023-09-23T00:01:35.936+0000] {logging_mixin.py:149} INFO - [2023-09-23T00:01:35.936+0000] {taskmixin.py:211} WARNING - Dependency <Task(_PythonDecoratedOperator): log_sql_query>, print_the_context already registered for DAG: example_python_operator
[2023-09-23T00:01:35.936+0000] {logging_mixin.py:149} INFO - [2023-09-23T00:01:35.936+0000] {taskmixin.py:211} WARNING - Dependency <Task(_PythonDecoratedOperator): print_the_context>, log_sql_query already registered for DAG: example_python_operator
[2023-09-23T00:01:35.936+0000] {logging_mixin.py:149} INFO - [2023-09-23T00:01:35.936+0000] {taskmixin.py:211} WARNING - Dependency <Task(_PythonDecoratedOperator): log_sql_query>, print_the_context already registered for DAG: example_python_operator
[2023-09-23T00:01:35.937+0000] {logging_mixin.py:149} INFO - [2023-09-23T00:01:35.937+0000] {taskmixin.py:211} WARNING - Dependency <Task(_PythonDecoratedOperator): print_the_context>, log_sql_query already registered for DAG: example_python_operator
[2023-09-23T00:01:35.937+0000] {logging_mixin.py:149} INFO - [2023-09-23T00:01:35.937+0000] {taskmixin.py:211} WARNING - Dependency <Task(_PythonDecoratedOperator): log_sql_query>, print_the_context already registered for DAG: example_python_operator
[2023-09-23T00:01:35.939+0000] {processor.py:836} INFO - DAG(s) dict_keys(['example_python_operator']) retrieved from /home/airflow/.local/lib/python3.7/site-packages/airflow/example_dags/example_python_operator.py
[2023-09-23T00:01:35.959+0000] {logging_mixin.py:149} INFO - [2023-09-23T00:01:35.959+0000] {dag.py:2726} INFO - Sync 1 DAGs
[2023-09-23T00:01:35.978+0000] {logging_mixin.py:149} INFO - [2023-09-23T00:01:35.978+0000] {dag.py:3490} INFO - Setting next_dagrun for example_python_operator to None, run_after=None
[2023-09-23T00:01:35.993+0000] {processor.py:179} INFO - Processing /home/airflow/.local/lib/python3.7/site-packages/airflow/example_dags/example_python_operator.py took 0.066 seconds
