[2023-09-23T00:00:24.142+0000] {processor.py:157} INFO - Started process (PID=2982) to work on /home/airflow/.local/lib/python3.7/site-packages/airflow/example_dags/tutorial_dag.py
[2023-09-23T00:00:24.143+0000] {processor.py:826} INFO - Processing file /home/airflow/.local/lib/python3.7/site-packages/airflow/example_dags/tutorial_dag.py for tasks to queue
[2023-09-23T00:00:24.143+0000] {logging_mixin.py:149} INFO - [2023-09-23T00:00:24.143+0000] {dagbag.py:541} INFO - Filling up the DagBag from /home/airflow/.local/lib/python3.7/site-packages/airflow/example_dags/tutorial_dag.py
[2023-09-23T00:00:24.147+0000] {processor.py:836} INFO - DAG(s) dict_keys(['tutorial_dag']) retrieved from /home/airflow/.local/lib/python3.7/site-packages/airflow/example_dags/tutorial_dag.py
[2023-09-23T00:00:24.165+0000] {logging_mixin.py:149} INFO - [2023-09-23T00:00:24.165+0000] {dag.py:2726} INFO - Sync 1 DAGs
[2023-09-23T00:00:24.183+0000] {logging_mixin.py:149} INFO - [2023-09-23T00:00:24.183+0000] {dag.py:3490} INFO - Setting next_dagrun for tutorial_dag to None, run_after=None
[2023-09-23T00:00:24.197+0000] {processor.py:179} INFO - Processing /home/airflow/.local/lib/python3.7/site-packages/airflow/example_dags/tutorial_dag.py took 0.057 seconds
[2023-09-23T00:00:54.209+0000] {processor.py:157} INFO - Started process (PID=3046) to work on /home/airflow/.local/lib/python3.7/site-packages/airflow/example_dags/tutorial_dag.py
[2023-09-23T00:00:54.210+0000] {processor.py:826} INFO - Processing file /home/airflow/.local/lib/python3.7/site-packages/airflow/example_dags/tutorial_dag.py for tasks to queue
[2023-09-23T00:00:54.210+0000] {logging_mixin.py:149} INFO - [2023-09-23T00:00:54.210+0000] {dagbag.py:541} INFO - Filling up the DagBag from /home/airflow/.local/lib/python3.7/site-packages/airflow/example_dags/tutorial_dag.py
[2023-09-23T00:00:54.214+0000] {processor.py:836} INFO - DAG(s) dict_keys(['tutorial_dag']) retrieved from /home/airflow/.local/lib/python3.7/site-packages/airflow/example_dags/tutorial_dag.py
[2023-09-23T00:00:54.231+0000] {logging_mixin.py:149} INFO - [2023-09-23T00:00:54.231+0000] {dag.py:2726} INFO - Sync 1 DAGs
[2023-09-23T00:00:54.249+0000] {logging_mixin.py:149} INFO - [2023-09-23T00:00:54.249+0000] {dag.py:3490} INFO - Setting next_dagrun for tutorial_dag to None, run_after=None
[2023-09-23T00:00:54.262+0000] {processor.py:179} INFO - Processing /home/airflow/.local/lib/python3.7/site-packages/airflow/example_dags/tutorial_dag.py took 0.054 seconds
[2023-09-23T00:01:24.327+0000] {processor.py:157} INFO - Started process (PID=3110) to work on /home/airflow/.local/lib/python3.7/site-packages/airflow/example_dags/tutorial_dag.py
[2023-09-23T00:01:24.328+0000] {processor.py:826} INFO - Processing file /home/airflow/.local/lib/python3.7/site-packages/airflow/example_dags/tutorial_dag.py for tasks to queue
[2023-09-23T00:01:24.329+0000] {logging_mixin.py:149} INFO - [2023-09-23T00:01:24.328+0000] {dagbag.py:541} INFO - Filling up the DagBag from /home/airflow/.local/lib/python3.7/site-packages/airflow/example_dags/tutorial_dag.py
[2023-09-23T00:01:24.332+0000] {processor.py:836} INFO - DAG(s) dict_keys(['tutorial_dag']) retrieved from /home/airflow/.local/lib/python3.7/site-packages/airflow/example_dags/tutorial_dag.py
[2023-09-23T00:01:24.349+0000] {logging_mixin.py:149} INFO - [2023-09-23T00:01:24.349+0000] {dag.py:2726} INFO - Sync 1 DAGs
[2023-09-23T00:01:24.368+0000] {logging_mixin.py:149} INFO - [2023-09-23T00:01:24.367+0000] {dag.py:3490} INFO - Setting next_dagrun for tutorial_dag to None, run_after=None
[2023-09-23T00:01:24.382+0000] {processor.py:179} INFO - Processing /home/airflow/.local/lib/python3.7/site-packages/airflow/example_dags/tutorial_dag.py took 0.057 seconds
